18:51:03.939 [http-nio-8088-exec-1] INFO  org.apache.juli.logging.DirectJDKLog.log(DirectJDKLog.java:173) -Initializing Spring DispatcherServlet 'dispatcherServlet'
18:51:03.948 [http-nio-8088-exec-1] INFO  org.springframework.web.servlet.FrameworkServlet.initServletBean(FrameworkServlet.java:525) -Initializing Servlet 'dispatcherServlet'
18:51:03.948 [http-nio-8088-exec-1] INFO  org.springframework.web.servlet.FrameworkServlet.initServletBean(FrameworkServlet.java:547) -Completed initialization in 0 ms
18:51:04.027 [http-nio-8088-exec-1] INFO  org.gift.Servlet.Customer.LoginInterface.login(LoginInterface.java:55) -clientType = UNKNOWN
18:51:04.027 [http-nio-8088-exec-1] INFO  org.gift.Servlet.Customer.LoginInterface.login(LoginInterface.java:57) -os = Unknown
18:51:04.027 [http-nio-8088-exec-1] INFO  org.gift.Servlet.Customer.LoginInterface.login(LoginInterface.java:59) -browser = BOT
18:51:04.027 [http-nio-8088-exec-1] INFO  org.gift.Servlet.Customer.LoginInterface.login(LoginInterface.java:63) -127.0.0.1 调用/customer/login接口，RequestBody:{username=gift, password=qf123456}
18:51:04.043 [http-nio-8088-exec-1] INFO  com.zaxxer.hikari.HikariDataSource.getConnection(HikariDataSource.java:110) -HikariPool-1 - Starting...
18:51:04.043 [http-nio-8088-exec-1] WARN  com.zaxxer.hikari.util.DriverDataSource.<init>(DriverDataSource.java:70) -Registered driver with driverClassName=com.mysql.jdbc.Driver was not found, trying direct instantiation.
18:51:04.337 [http-nio-8088-exec-1] INFO  com.zaxxer.hikari.HikariDataSource.getConnection(HikariDataSource.java:123) -HikariPool-1 - Start completed.
18:51:04.923 [http-nio-8088-exec-1] INFO  org.gift.Servlet.Customer.LoginInterface.login(LoginInterface.java:91) -登录成功了
18:51:05.019 [http-nio-8088-exec-3] INFO  org.gift.Servlet.Blog.BlogInterface.getlist(BlogInterface.java:155) -127.0.0.1 调用/blog/list接口，RequestBody:{}
18:51:05.064 [http-nio-8088-exec-3] ERROR org.gift.Servlet.Blog.BlogInterface.getlist(BlogInterface.java:189) -org.springframework.jdbc.BadSqlGrammarException: 
### Error querying database.  Cause: java.sql.SQLSyntaxErrorException: You have an error in your SQL syntax; check the manual that corresponds to your MySQL server version for the right syntax to use near '(1-1) * 10,
            10' at line 5
### The error may exist in file [D:\javaobjects\MyBlog\target\classes\mapping\BlogsMapper.xml]
### The error may involve defaultParameterMap
### The error occurred while setting parameters
### SQL: SELECT t.id,t.title,t.views,t.createdate FROM Blogs AS t         WHERE t.status=1          order by t.top DESC,             t.createdate DESC           LIMIT (?-1) * ?,             ?
### Cause: java.sql.SQLSyntaxErrorException: You have an error in your SQL syntax; check the manual that corresponds to your MySQL server version for the right syntax to use near '(1-1) * 10,
            10' at line 5
; bad SQL grammar []; nested exception is java.sql.SQLSyntaxErrorException: You have an error in your SQL syntax; check the manual that corresponds to your MySQL server version for the right syntax to use near '(1-1) * 10,
            10' at line 5
