15:15:15.183 [main] INFO  org.springframework.boot.StartupInfoLogger.logStarting(StartupInfoLogger.java:55) -Starting Main using Java 17 on MS-FKJHQAVSLGRF with PID 8692 (D:\javaobjects\MyBlog\target\classes started by Administrator in D:\javaobjects\MyBlog)
15:15:15.194 [main] INFO  org.springframework.boot.SpringApplication.logStartupProfileInfo(SpringApplication.java:634) -No active profile set, falling back to 1 default profile: "default"
15:15:16.084 [main] INFO  org.springframework.boot.web.embedded.tomcat.TomcatWebServer.initialize(TomcatWebServer.java:108) -Tomcat initialized with port(s): 8088 (http)
15:15:16.093 [main] INFO  org.apache.juli.logging.DirectJDKLog.log(DirectJDKLog.java:173) -Initializing ProtocolHandler ["http-nio-8088"]
15:15:16.094 [main] INFO  org.apache.juli.logging.DirectJDKLog.log(DirectJDKLog.java:173) -Starting service [Tomcat]
15:15:16.095 [main] INFO  org.apache.juli.logging.DirectJDKLog.log(DirectJDKLog.java:173) -Starting Servlet engine: [Apache Tomcat/9.0.65]
15:15:16.166 [main] INFO  org.apache.juli.logging.DirectJDKLog.log(DirectJDKLog.java:173) -Initializing Spring embedded WebApplicationContext
15:15:16.167 [main] INFO  org.springframework.boot.web.servlet.context.ServletWebServerApplicationContext.prepareWebApplicationContext(ServletWebServerApplicationContext.java:292) -Root WebApplicationContext: initialization completed in 931 ms
15:15:16.650 [main] INFO  org.apache.juli.logging.DirectJDKLog.log(DirectJDKLog.java:173) -Starting ProtocolHandler ["http-nio-8088"]
15:15:16.669 [main] INFO  org.springframework.boot.web.embedded.tomcat.TomcatWebServer.start(TomcatWebServer.java:220) -Tomcat started on port(s): 8088 (http) with context path ''
15:15:16.678 [main] INFO  org.springframework.boot.StartupInfoLogger.logStarted(StartupInfoLogger.java:61) -Started Main in 1.879 seconds (JVM running for 2.388)
15:15:28.870 [http-nio-8088-exec-1] INFO  org.apache.juli.logging.DirectJDKLog.log(DirectJDKLog.java:173) -Initializing Spring DispatcherServlet 'dispatcherServlet'
15:15:28.870 [http-nio-8088-exec-1] INFO  org.springframework.web.servlet.FrameworkServlet.initServletBean(FrameworkServlet.java:525) -Initializing Servlet 'dispatcherServlet'
15:15:28.870 [http-nio-8088-exec-1] INFO  org.springframework.web.servlet.FrameworkServlet.initServletBean(FrameworkServlet.java:547) -Completed initialization in 0 ms
15:15:28.919 [http-nio-8088-exec-1] INFO  org.gift.Servlet.Customer.LoginInterface.login(Login.java:48) -clientType = UNKNOWN
15:15:28.919 [http-nio-8088-exec-1] INFO  org.gift.Servlet.Customer.LoginInterface.login(Login.java:50) -os = Unknown
15:15:28.919 [http-nio-8088-exec-1] INFO  org.gift.Servlet.Customer.LoginInterface.login(Login.java:54) -browser = BOT
15:15:28.919 [http-nio-8088-exec-1] INFO  org.gift.Servlet.Customer.LoginInterface.login(Login.java:58) -127.0.0.1 调用/customer/login接口，RequestBody:{username=gift, password=qf123456}
15:15:28.934 [http-nio-8088-exec-1] INFO  com.zaxxer.hikari.HikariDataSource.getConnection(HikariDataSource.java:110) -HikariPool-1 - Starting...
15:15:28.949 [http-nio-8088-exec-1] WARN  com.zaxxer.hikari.util.DriverDataSource.<init>(DriverDataSource.java:70) -Registered driver with driverClassName=com.mysql.jdbc.Driver was not found, trying direct instantiation.
15:15:29.215 [http-nio-8088-exec-1] INFO  com.zaxxer.hikari.HikariDataSource.getConnection(HikariDataSource.java:123) -HikariPool-1 - Start completed.
15:15:29.265 [http-nio-8088-exec-1] INFO  org.gift.Servlet.Customer.LoginInterface.login(Login.java:71) -登录成功了
