11:59:00.802 [http-nio-8088-exec-1] INFO  org.apache.juli.logging.DirectJDKLog.log(DirectJDKLog.java:173) -Initializing Spring DispatcherServlet 'dispatcherServlet'
11:59:00.804 [http-nio-8088-exec-1] INFO  org.springframework.web.servlet.FrameworkServlet.initServletBean(FrameworkServlet.java:525) -Initializing Servlet 'dispatcherServlet'
11:59:00.805 [http-nio-8088-exec-1] INFO  org.springframework.web.servlet.FrameworkServlet.initServletBean(FrameworkServlet.java:547) -Completed initialization in 1 ms
11:59:00.866 [http-nio-8088-exec-1] INFO  org.gift.Servlet.Customer.LoginInterface.login(LoginInterface.java:55) -clientType = UNKNOWN
11:59:00.866 [http-nio-8088-exec-1] INFO  org.gift.Servlet.Customer.LoginInterface.login(LoginInterface.java:57) -os = Unknown
11:59:00.867 [http-nio-8088-exec-1] INFO  org.gift.Servlet.Customer.LoginInterface.login(LoginInterface.java:59) -browser = BOT
11:59:00.867 [http-nio-8088-exec-1] INFO  org.gift.Servlet.Customer.LoginInterface.login(LoginInterface.java:63) -127.0.0.1 调用/customer/login接口，RequestBody:{username=gift, password=qf123456}
11:59:00.882 [http-nio-8088-exec-1] INFO  com.zaxxer.hikari.HikariDataSource.getConnection(HikariDataSource.java:110) -HikariPool-1 - Starting...
11:59:00.885 [http-nio-8088-exec-1] WARN  com.zaxxer.hikari.util.DriverDataSource.<init>(DriverDataSource.java:70) -Registered driver with driverClassName=com.mysql.jdbc.Driver was not found, trying direct instantiation.
11:59:01.168 [http-nio-8088-exec-1] INFO  com.zaxxer.hikari.HikariDataSource.getConnection(HikariDataSource.java:123) -HikariPool-1 - Start completed.
11:59:01.737 [http-nio-8088-exec-1] INFO  org.gift.Servlet.Customer.LoginInterface.login(LoginInterface.java:91) -登录成功了
11:59:01.891 [http-nio-8088-exec-3] INFO  org.gift.Servlet.Blog.BlogInterface.submit(BlogInterface.java:35) -127.0.0.1 调用/blog/submit接口，RequestBody:{title=这是一条的blog, top=0, classify=1, keyword=test,test2, value=这是内容}
11:59:01.892 [http-nio-8088-exec-3] INFO  org.gift.Utiliy.ManyUtil.LengthComparison(ManyUtil.java:5) -9
11:59:01.893 [http-nio-8088-exec-3] INFO  org.gift.Utiliy.ManyUtil.LengthComparison(ManyUtil.java:5) -10
11:59:02.046 [http-nio-8088-exec-3] INFO  org.gift.Servlet.Blog.BlogInterface.submit(BlogInterface.java:67) -新增成功
11:59:20.297 [http-nio-8088-exec-7] INFO  org.gift.Servlet.Customer.LoginInterface.login(LoginInterface.java:55) -clientType = UNKNOWN
11:59:20.297 [http-nio-8088-exec-7] INFO  org.gift.Servlet.Customer.LoginInterface.login(LoginInterface.java:57) -os = Unknown
11:59:20.298 [http-nio-8088-exec-7] INFO  org.gift.Servlet.Customer.LoginInterface.login(LoginInterface.java:59) -browser = BOT
11:59:20.298 [http-nio-8088-exec-7] INFO  org.gift.Servlet.Customer.LoginInterface.login(LoginInterface.java:63) -127.0.0.1 调用/customer/login接口，RequestBody:{username=gift, password=qf123456}
11:59:20.580 [http-nio-8088-exec-7] INFO  org.gift.Servlet.Customer.LoginInterface.login(LoginInterface.java:91) -登录成功了
11:59:20.837 [http-nio-8088-exec-6] INFO  org.gift.Servlet.Blog.BlogInterface.submit(BlogInterface.java:35) -127.0.0.1 调用/blog/submit接口，RequestBody:{id=5, title=这是一条的blog, top=0, classify=1, keyword=test,test2, value=这是内容}
11:59:20.837 [http-nio-8088-exec-6] INFO  org.gift.Utiliy.ManyUtil.LengthComparison(ManyUtil.java:5) -9
11:59:20.837 [http-nio-8088-exec-6] INFO  org.gift.Utiliy.ManyUtil.LengthComparison(ManyUtil.java:5) -10
11:59:20.842 [http-nio-8088-exec-6] INFO  org.gift.Servlet.Blog.BlogInterface.submit(BlogInterface.java:71) -修改成功
