11:33:40.775 [SpringApplicationShutdownHook] INFO  com.zaxxer.hikari.HikariDataSource.close(HikariDataSource.java:350) -HikariPool-1 - Shutdown initiated...
11:33:40.796 [SpringApplicationShutdownHook] INFO  com.zaxxer.hikari.HikariDataSource.close(HikariDataSource.java:352) -HikariPool-1 - Shutdown completed.
11:33:46.052 [main] INFO  org.springframework.boot.StartupInfoLogger.logStarting(StartupInfoLogger.java:55) -Starting Main using Java 17 on MS-FKJHQAVSLGRF with PID 14544 (D:\javaobjects\MyBlog\target\classes started by Administrator in D:\javaobjects\MyBlog)
11:33:46.058 [main] INFO  org.springframework.boot.SpringApplication.logStartupProfileInfo(SpringApplication.java:634) -No active profile set, falling back to 1 default profile: "default"
11:33:46.566 [main] INFO  org.springframework.data.repository.config.RepositoryConfigurationDelegate.multipleStoresDetected(RepositoryConfigurationDelegate.java:262) -Multiple Spring Data modules found, entering strict repository configuration mode
11:33:46.568 [main] INFO  org.springframework.data.repository.config.RepositoryConfigurationDelegate.registerRepositoriesIn(RepositoryConfigurationDelegate.java:132) -Bootstrapping Spring Data Redis repositories in DEFAULT mode.
11:33:46.591 [main] INFO  org.springframework.data.repository.config.RepositoryConfigurationDelegate.registerRepositoriesIn(RepositoryConfigurationDelegate.java:201) -Finished Spring Data repository scanning in 7 ms. Found 0 Redis repository interfaces.
11:33:47.117 [main] INFO  org.springframework.boot.web.embedded.tomcat.TomcatWebServer.initialize(TomcatWebServer.java:108) -Tomcat initialized with port(s): 8088 (http)
11:33:47.125 [main] INFO  org.apache.juli.logging.DirectJDKLog.log(DirectJDKLog.java:173) -Initializing ProtocolHandler ["http-nio-8088"]
11:33:47.125 [main] INFO  org.apache.juli.logging.DirectJDKLog.log(DirectJDKLog.java:173) -Starting service [Tomcat]
11:33:47.126 [main] INFO  org.apache.juli.logging.DirectJDKLog.log(DirectJDKLog.java:173) -Starting Servlet engine: [Apache Tomcat/9.0.65]
11:33:47.226 [main] INFO  org.apache.juli.logging.DirectJDKLog.log(DirectJDKLog.java:173) -Initializing Spring embedded WebApplicationContext
11:33:47.226 [main] INFO  org.springframework.boot.web.servlet.context.ServletWebServerApplicationContext.prepareWebApplicationContext(ServletWebServerApplicationContext.java:292) -Root WebApplicationContext: initialization completed in 1130 ms
11:33:48.115 [main] INFO  org.apache.juli.logging.DirectJDKLog.log(DirectJDKLog.java:173) -Starting ProtocolHandler ["http-nio-8088"]
11:33:48.133 [main] INFO  org.springframework.boot.web.embedded.tomcat.TomcatWebServer.start(TomcatWebServer.java:220) -Tomcat started on port(s): 8088 (http) with context path ''
11:33:48.141 [main] INFO  org.springframework.boot.StartupInfoLogger.logStarted(StartupInfoLogger.java:61) -Started Main in 2.465 seconds (JVM running for 2.983)
11:33:53.027 [http-nio-8088-exec-1] INFO  org.apache.juli.logging.DirectJDKLog.log(DirectJDKLog.java:173) -Initializing Spring DispatcherServlet 'dispatcherServlet'
11:33:53.027 [http-nio-8088-exec-1] INFO  org.springframework.web.servlet.FrameworkServlet.initServletBean(FrameworkServlet.java:525) -Initializing Servlet 'dispatcherServlet'
11:33:53.029 [http-nio-8088-exec-1] INFO  org.springframework.web.servlet.FrameworkServlet.initServletBean(FrameworkServlet.java:547) -Completed initialization in 1 ms
11:33:53.095 [http-nio-8088-exec-1] INFO  org.gift.Servlet.Customer.LoginInterface.login(LoginInterface.java:55) -clientType = UNKNOWN
11:33:53.095 [http-nio-8088-exec-1] INFO  org.gift.Servlet.Customer.LoginInterface.login(LoginInterface.java:57) -os = Unknown
11:33:53.095 [http-nio-8088-exec-1] INFO  org.gift.Servlet.Customer.LoginInterface.login(LoginInterface.java:59) -browser = BOT
11:33:53.095 [http-nio-8088-exec-1] INFO  org.gift.Servlet.Customer.LoginInterface.login(LoginInterface.java:63) -127.0.0.1 调用/customer/login接口，RequestBody:{username=gift, password=qf123456}
11:33:53.114 [http-nio-8088-exec-1] INFO  com.zaxxer.hikari.HikariDataSource.getConnection(HikariDataSource.java:110) -HikariPool-1 - Starting...
11:33:53.119 [http-nio-8088-exec-1] WARN  com.zaxxer.hikari.util.DriverDataSource.<init>(DriverDataSource.java:70) -Registered driver with driverClassName=com.mysql.jdbc.Driver was not found, trying direct instantiation.
11:33:53.390 [http-nio-8088-exec-1] INFO  com.zaxxer.hikari.HikariDataSource.getConnection(HikariDataSource.java:123) -HikariPool-1 - Start completed.
11:33:54.017 [http-nio-8088-exec-1] INFO  org.gift.Servlet.Customer.LoginInterface.login(LoginInterface.java:91) -登录成功了
11:33:54.286 [http-nio-8088-exec-3] INFO  org.gift.Servlet.Blog.BlogInterface.submit(BlogInterface.java:45) -127.0.0.1 调用/customer/login接口，RequestBody:{title=这是第一条blog, top=0, classify=1, keyword=test, value=这是测试内容}
11:33:54.287 [http-nio-8088-exec-3] INFO  org.gift.Utiliy.ManyUtil.LengthComparison(MoverUtil.java:5) -9
11:33:54.287 [http-nio-8088-exec-3] INFO  org.gift.Servlet.Blog.BlogInterface.submit(BlogInterface.java:53) -title长度不能超过50个字符
