20:33:26.004 [http-nio-8088-exec-2] INFO  org.gift.Utiliy.JwtInterceptor.preHandle(JwtInterceptor.java:14) --------------------------------
20:33:26.006 [http-nio-8088-exec-2] INFO  org.gift.Utiliy.JwtInterceptor.preHandle(JwtInterceptor.java:15) -这里是在JwtInterceptor中打印的日志
20:33:26.006 [http-nio-8088-exec-2] INFO  org.gift.Utiliy.JwtInterceptor.preHandle(JwtInterceptor.java:16) -这是request
20:33:26.012 [http-nio-8088-exec-2] INFO  org.gift.Utiliy.JwtInterceptor.preHandle(JwtInterceptor.java:18) -{"requestedSessionIdFromCookie":false,"scheme":"http","contentLengthLong":44,"remoteHost":"127.0.0.1","session":{"sessionContext":{},"lastAccessedTime":1664627606012,"new":true,"attributeNames":"java.util.Collections$3@68f81574","maxInactiveInterval":1800,"creationTime":1664627606012,"valueNames":[],"servletContext":{"initParameterNames":"java.util.Collections$3@191a0013","virtualServerName":"Tomcat/localhost","classLoader":{"hostName":"localhost","contextName":"ROOT","parent":"jdk.internal.loader.ClassLoaders$AppClassLoader@63947c6b","URLs":[],"clearReferencesObjectStreamClassCaches":false,"unnamedModule":"unnamed module @759e77cf","skipMemoryLeakChecksOnJvmShutdown":false,"definedPackages":[],"clearReferencesRmiTargets":false,"clearReferencesHttpClientKeepAliveThread":true,"serviceName":"Tomcat","clearReferencesThreadLocals":false,"clearReferencesStopThreads":false,"delegate":true,"clearReferencesLogFactoryRelease":true,"stateName":"STARTED","clearReferencesStopTimerThreads":false,"webappName":"ROOT","registeredAsParallelCapable":true,"state":"STARTED"},"filterRegistrations":{"requestContextFilter":{"initParameters":{},"name":"requestContextFilter","className":"org.springframework.boot.web.servlet.filter.OrderedRequestContextFilter","urlPatternMappings":["/*"],"servletNameMappings":[]},"characterEncodingFilter":{"initParameters":{},"name":"characterEncodingFilter","className":"org.springframework.boot.web.servlet.filter.OrderedCharacterEncodingFilter","urlPatternMappings":["/*"],"servletNameMappings":[]},"Tomcat WebSocket (JSR356) Filter":{"initParameters":{},"name":"Tomcat WebSocket (JSR356) Filter","className":"org.apache.tomcat.websocket.server.WsFilter","urlPatternMappings":["/*"],"servletNameMappings":[]},"formContentFilter":{"initParameters":{},"name":"formContentFilter","className":"org.springframework.boot.web.servlet.filter.OrderedFormContentFilter","urlPatternMappings":["/*"],"servletNameMappings":[]}},"servletNames":"java.util.Collections$3@17c49557","contextPath":"","defaultSessionTrackingModes":["COOKIE","URL"],"majorVersion":4,"effectiveMinorVersion":0,"sessionCookieConfig":{"maxAge":-1,"httpOnly":false,"secure":false},"effectiveSessionTrackingModes":["COOKIE","URL"],"attributeNames":"java.util.Collections$3@2c1b1511","servletRegistrations":{"dispatcherServlet":{"initParameters":{},"mappings":["/"],"name":"dispatcherServlet","className":"org.springframework.web.servlet.DispatcherServlet"}},"serverInfo":"Apache Tomcat/9.0.65","servlets":"java.util.Collections$3@76278799","sessionTimeout":30,"minorVersion":0,"servletContextName":"application","effectiveMajorVersion":3},"id":"EDCB9E9C4C8D2C30AF5BDBEBC92A0D08"},"asyncStarted":false,"serverName":"127.0.0.1","parameterNames":"java.util.Collections$3@3a3c7f37","locale":"zh_CN","serverPort":8088,"secure":false,"requestedSessionIdValid":false,"trailerFieldsReady":true,"protocol":"HTTP/1.1","attributeNames":"java.util.Collections$3@63b91dcb","requestURL":"http://127.0.0.1:8088/blog/submit","allowTrace":false,"asyncSupported":true,"contentType":"application/json","parameterMap":{},"localAddr":"127.0.0.1","requestedSessionIdFromUrl":false,"requestedSessionIdFromURL":false,"remoteAddr":"127.0.0.1","method":"POST","localPort":8088,"trailerFields":{},"servletContext":{"initParameterNames":"java.util.Collections$3@58102982","virtualServerName":"Tomcat/localhost","classLoader":{"hostName":"localhost","contextName":"ROOT","parent":"jdk.internal.loader.ClassLoaders$AppClassLoader@63947c6b","URLs":[],"clearReferencesObjectStreamClassCaches":false,"unnamedModule":"unnamed module @759e77cf","skipMemoryLeakChecksOnJvmShutdown":false,"definedPackages":[],"clearReferencesRmiTargets":false,"clearReferencesHttpClientKeepAliveThread":true,"serviceName":"Tomcat","clearReferencesThreadLocals":false,"clearReferencesStopThreads":false,"delegate":true,"clearReferencesLogFactoryRelease":true,"stateName":"STARTED","clearReferencesStopTimerThreads":false,"webappName":"ROOT","registeredAsParallelCapable":true,"state":"STARTED"},"filterRegistrations":{"requestContextFilter":{"initParameters":{},"name":"requestContextFilter","className":"org.springframework.boot.web.servlet.filter.OrderedRequestContextFilter","urlPatternMappings":["/*"],"servletNameMappings":[]},"characterEncodingFilter":{"initParameters":{},"name":"characterEncodingFilter","className":"org.springframework.boot.web.servlet.filter.OrderedCharacterEncodingFilter","urlPatternMappings":["/*"],"servletNameMappings":[]},"Tomcat WebSocket (JSR356) Filter":{"initParameters":{},"name":"Tomcat WebSocket (JSR356) Filter","className":"org.apache.tomcat.websocket.server.WsFilter","urlPatternMappings":["/*"],"servletNameMappings":[]},"formContentFilter":{"initParameters":{},"name":"formContentFilter","className":"org.springframework.boot.web.servlet.filter.OrderedFormContentFilter","urlPatternMappings":["/*"],"servletNameMappings":[]}},"servletNames":"java.util.Collections$3@4c7fde60","contextPath":"","defaultSessionTrackingModes":["COOKIE","URL"],"majorVersion":4,"effectiveMinorVersion":0,"sessionCookieConfig":{"maxAge":-1,"httpOnly":false,"secure":false},"effectiveSessionTrackingModes":["COOKIE","URL"],"attributeNames":"java.util.Collections$3@7b20ce29","servletRegistrations":{"dispatcherServlet":{"initParameters":{},"mappings":["/"],"name":"dispatcherServlet","className":"org.springframework.web.servlet.DispatcherServlet"}},"serverInfo":"Apache Tomcat/9.0.65","servlets":"java.util.Collections$3@4de7affa","sessionTimeout":30,"minorVersion":0,"servletContextName":"application","effectiveMajorVersion":3},"headerNames":{},"remotePort":58876,"contextPath":"","inputStream":{"ready":false,"finished":false},"httpServletMapping":{},"requestURI":"/blog/submit","localName":"kubernetes.docker.internal","locales":"java.util.Collections$3@323ee112","dispatcherType":"REQUEST","servletPath":"/blog/submit","contentLength":44,"characterEncoding":"UTF-8"}
20:33:26.012 [http-nio-8088-exec-2] INFO  org.gift.Utiliy.JwtInterceptor.preHandle(JwtInterceptor.java:19) -这是response
20:33:26.012 [http-nio-8088-exec-2] INFO  org.gift.Utiliy.JwtInterceptor.preHandle(JwtInterceptor.java:21) -{"committed":true,"headerNames":["Set-Cookie","Content-Length","Date","Keep-Alive","Connection"],"contentWritten":0,"finished":false,"outputStream":{"ready":false},"locale":"zh_CN","characterEncoding":"ISO-8859-1","bufferSize":8192,"status":200}
20:33:26.012 [http-nio-8088-exec-2] INFO  org.gift.Utiliy.JwtInterceptor.preHandle(JwtInterceptor.java:22) ---------------------------------
20:33:26.012 [http-nio-8088-exec-2] INFO  org.gift.Utiliy.JwtInterceptor.preHandle(JwtInterceptor.java:31) -获取到token：null
20:33:26.019 [http-nio-8088-exec-2] ERROR org.apache.juli.logging.DirectJDKLog.log(DirectJDKLog.java:175) -Servlet.service() for servlet [dispatcherServlet] in context with path [] threw exception [Request processing failed; nested exception is java.lang.RuntimeException: 没有获取到token，请重新登录] with root cause
java.lang.RuntimeException: 没有获取到token，请重新登录
	at org.gift.Utiliy.JwtInterceptor.preHandle(JwtInterceptor.java:34) ~[classes/:?]
	at org.springframework.web.servlet.HandlerExecutionChain.applyPreHandle(HandlerExecutionChain.java:148) ~[spring-webmvc-5.3.23.jar:5.3.23]
	at org.springframework.web.servlet.DispatcherServlet.doDispatch(DispatcherServlet.java:1066) ~[spring-webmvc-5.3.23.jar:5.3.23]
	at org.springframework.web.servlet.DispatcherServlet.doService(DispatcherServlet.java:964) ~[spring-webmvc-5.3.23.jar:5.3.23]
	at org.springframework.web.servlet.FrameworkServlet.processRequest(FrameworkServlet.java:1006) ~[spring-webmvc-5.3.23.jar:5.3.23]
	at org.springframework.web.servlet.FrameworkServlet.doPost(FrameworkServlet.java:909) ~[spring-webmvc-5.3.23.jar:5.3.23]
	at javax.servlet.http.HttpServlet.service(HttpServlet.java:681) ~[tomcat-embed-core-9.0.65.jar:4.0.FR]
	at org.springframework.web.servlet.FrameworkServlet.service(FrameworkServlet.java:883) ~[spring-webmvc-5.3.23.jar:5.3.23]
	at javax.servlet.http.HttpServlet.service(HttpServlet.java:764) ~[tomcat-embed-core-9.0.65.jar:4.0.FR]
	at org.apache.catalina.core.ApplicationFilterChain.internalDoFilter(ApplicationFilterChain.java:227) ~[tomcat-embed-core-9.0.65.jar:9.0.65]
	at org.apache.catalina.core.ApplicationFilterChain.doFilter(ApplicationFilterChain.java:162) ~[tomcat-embed-core-9.0.65.jar:9.0.65]
	at org.apache.tomcat.websocket.server.WsFilter.doFilter(WsFilter.java:53) ~[tomcat-embed-websocket-9.0.65.jar:9.0.65]
	at org.apache.catalina.core.ApplicationFilterChain.internalDoFilter(ApplicationFilterChain.java:189) ~[tomcat-embed-core-9.0.65.jar:9.0.65]
	at org.apache.catalina.core.ApplicationFilterChain.doFilter(ApplicationFilterChain.java:162) ~[tomcat-embed-core-9.0.65.jar:9.0.65]
	at org.springframework.web.filter.RequestContextFilter.doFilterInternal(RequestContextFilter.java:100) ~[spring-web-5.3.23.jar:5.3.23]
	at org.springframework.web.filter.OncePerRequestFilter.doFilter(OncePerRequestFilter.java:117) ~[spring-web-5.3.23.jar:5.3.23]
	at org.apache.catalina.core.ApplicationFilterChain.internalDoFilter(ApplicationFilterChain.java:189) ~[tomcat-embed-core-9.0.65.jar:9.0.65]
	at org.apache.catalina.core.ApplicationFilterChain.doFilter(ApplicationFilterChain.java:162) ~[tomcat-embed-core-9.0.65.jar:9.0.65]
	at org.springframework.web.filter.FormContentFilter.doFilterInternal(FormContentFilter.java:93) ~[spring-web-5.3.23.jar:5.3.23]
	at org.springframework.web.filter.OncePerRequestFilter.doFilter(OncePerRequestFilter.java:117) ~[spring-web-5.3.23.jar:5.3.23]
	at org.apache.catalina.core.ApplicationFilterChain.internalDoFilter(ApplicationFilterChain.java:189) ~[tomcat-embed-core-9.0.65.jar:9.0.65]
	at org.apache.catalina.core.ApplicationFilterChain.doFilter(ApplicationFilterChain.java:162) ~[tomcat-embed-core-9.0.65.jar:9.0.65]
	at org.springframework.web.filter.CharacterEncodingFilter.doFilterInternal(CharacterEncodingFilter.java:201) ~[spring-web-5.3.23.jar:5.3.23]
	at org.springframework.web.filter.OncePerRequestFilter.doFilter(OncePerRequestFilter.java:117) ~[spring-web-5.3.23.jar:5.3.23]
	at org.apache.catalina.core.ApplicationFilterChain.internalDoFilter(ApplicationFilterChain.java:189) ~[tomcat-embed-core-9.0.65.jar:9.0.65]
	at org.apache.catalina.core.ApplicationFilterChain.doFilter(ApplicationFilterChain.java:162) ~[tomcat-embed-core-9.0.65.jar:9.0.65]
	at org.apache.catalina.core.StandardWrapperValve.invoke(StandardWrapperValve.java:197) ~[tomcat-embed-core-9.0.65.jar:9.0.65]
	at org.apache.catalina.core.StandardContextValve.invoke(StandardContextValve.java:97) ~[tomcat-embed-core-9.0.65.jar:9.0.65]
	at org.apache.catalina.authenticator.AuthenticatorBase.invoke(AuthenticatorBase.java:541) ~[tomcat-embed-core-9.0.65.jar:9.0.65]
	at org.apache.catalina.core.StandardHostValve.invoke(StandardHostValve.java:135) ~[tomcat-embed-core-9.0.65.jar:9.0.65]
	at org.apache.catalina.valves.ErrorReportValve.invoke(ErrorReportValve.java:92) ~[tomcat-embed-core-9.0.65.jar:9.0.65]
	at org.apache.catalina.core.StandardEngineValve.invoke(StandardEngineValve.java:78) ~[tomcat-embed-core-9.0.65.jar:9.0.65]
	at org.apache.catalina.connector.CoyoteAdapter.service(CoyoteAdapter.java:360) ~[tomcat-embed-core-9.0.65.jar:9.0.65]
	at org.apache.coyote.http11.Http11Processor.service(Http11Processor.java:399) ~[tomcat-embed-core-9.0.65.jar:9.0.65]
	at org.apache.coyote.AbstractProcessorLight.process(AbstractProcessorLight.java:65) ~[tomcat-embed-core-9.0.65.jar:9.0.65]
	at org.apache.coyote.AbstractProtocol$ConnectionHandler.process(AbstractProtocol.java:890) ~[tomcat-embed-core-9.0.65.jar:9.0.65]
	at org.apache.tomcat.util.net.NioEndpoint$SocketProcessor.doRun(NioEndpoint.java:1789) ~[tomcat-embed-core-9.0.65.jar:9.0.65]
	at org.apache.tomcat.util.net.SocketProcessorBase.run(SocketProcessorBase.java:49) ~[tomcat-embed-core-9.0.65.jar:9.0.65]
	at org.apache.tomcat.util.threads.ThreadPoolExecutor.runWorker(ThreadPoolExecutor.java:1191) ~[tomcat-embed-core-9.0.65.jar:9.0.65]
	at org.apache.tomcat.util.threads.ThreadPoolExecutor$Worker.run(ThreadPoolExecutor.java:659) ~[tomcat-embed-core-9.0.65.jar:9.0.65]
	at org.apache.tomcat.util.threads.TaskThread$WrappingRunnable.run(TaskThread.java:61) ~[tomcat-embed-core-9.0.65.jar:9.0.65]
	at java.lang.Thread.run(Thread.java:833) ~[?:?]
20:33:26.020 [http-nio-8088-exec-2] INFO  org.gift.Utiliy.JwtInterceptor.preHandle(JwtInterceptor.java:14) --------------------------------
20:33:26.021 [http-nio-8088-exec-2] INFO  org.gift.Utiliy.JwtInterceptor.preHandle(JwtInterceptor.java:15) -这里是在JwtInterceptor中打印的日志
20:33:26.021 [http-nio-8088-exec-2] INFO  org.gift.Utiliy.JwtInterceptor.preHandle(JwtInterceptor.java:16) -这是request
20:33:26.028 [http-nio-8088-exec-2] INFO  org.gift.Utiliy.JwtInterceptor.preHandle(JwtInterceptor.java:18) -{"request":{"requestedSessionIdFromCookie":false,"scheme":"http","contentLengthLong":44,"remoteHost":"127.0.0.1","session":{"sessionContext":{},"lastAccessedTime":1664627606012,"new":true,"attributeNames":"java.util.Collections$3@75386a60","maxInactiveInterval":1800,"creationTime":1664627606012,"valueNames":[],"servletContext":{"initParameterNames":"java.util.Collections$3@729af99a","virtualServerName":"Tomcat/localhost","classLoader":{"hostName":"localhost","contextName":"ROOT","parent":"jdk.internal.loader.ClassLoaders$AppClassLoader@63947c6b","URLs":[],"clearReferencesObjectStreamClassCaches":false,"unnamedModule":"unnamed module @759e77cf","skipMemoryLeakChecksOnJvmShutdown":false,"definedPackages":[],"clearReferencesRmiTargets":false,"clearReferencesHttpClientKeepAliveThread":true,"serviceName":"Tomcat","clearReferencesThreadLocals":false,"clearReferencesStopThreads":false,"delegate":true,"clearReferencesLogFactoryRelease":true,"stateName":"STARTED","clearReferencesStopTimerThreads":false,"webappName":"ROOT","registeredAsParallelCapable":true,"state":"STARTED"},"filterRegistrations":{"requestContextFilter":{"initParameters":{},"name":"requestContextFilter","className":"org.springframework.boot.web.servlet.filter.OrderedRequestContextFilter","urlPatternMappings":["/*"],"servletNameMappings":[]},"characterEncodingFilter":{"initParameters":{},"name":"characterEncodingFilter","className":"org.springframework.boot.web.servlet.filter.OrderedCharacterEncodingFilter","urlPatternMappings":["/*"],"servletNameMappings":[]},"Tomcat WebSocket (JSR356) Filter":{"initParameters":{},"name":"Tomcat WebSocket (JSR356) Filter","className":"org.apache.tomcat.websocket.server.WsFilter","urlPatternMappings":["/*"],"servletNameMappings":[]},"formContentFilter":{"initParameters":{},"name":"formContentFilter","className":"org.springframework.boot.web.servlet.filter.OrderedFormContentFilter","urlPatternMappings":["/*"],"servletNameMappings":[]}},"servletNames":"java.util.Collections$3@5256b9ca","contextPath":"","defaultSessionTrackingModes":["COOKIE","URL"],"majorVersion":4,"effectiveMinorVersion":0,"sessionCookieConfig":{"maxAge":-1,"httpOnly":false,"secure":false},"effectiveSessionTrackingModes":["COOKIE","URL"],"attributeNames":"java.util.Collections$3@6eb4f7dc","servletRegistrations":{"dispatcherServlet":{"initParameters":{},"mappings":["/"],"name":"dispatcherServlet","className":"org.springframework.web.servlet.DispatcherServlet"}},"serverInfo":"Apache Tomcat/9.0.65","servlets":"java.util.Collections$3@5a3bc14e","sessionTimeout":30,"minorVersion":0,"servletContextName":"application","effectiveMajorVersion":3},"id":"EDCB9E9C4C8D2C30AF5BDBEBC92A0D08"},"asyncStarted":false,"serverName":"127.0.0.1","parameterNames":"java.util.Collections$3@1b36aa67","locale":"zh_CN","serverPort":8088,"secure":false,"requestedSessionIdValid":false,"trailerFieldsReady":true,"protocol":"HTTP/1.1","attributeNames":"java.util.Collections$3@5ba54500","requestURL":"http://127.0.0.1:8088/blog/submit","allowTrace":false,"asyncSupported":true,"contentType":"application/json","parameterMap":{},"localAddr":"127.0.0.1","requestedSessionIdFromUrl":false,"requestedSessionIdFromURL":false,"remoteAddr":"127.0.0.1","method":"POST","localPort":8088,"trailerFields":{},"servletContext":{"initParameterNames":"java.util.Collections$3@322e4fbe","virtualServerName":"Tomcat/localhost","classLoader":{"hostName":"localhost","contextName":"ROOT","parent":"jdk.internal.loader.ClassLoaders$AppClassLoader@63947c6b","URLs":[],"clearReferencesObjectStreamClassCaches":false,"unnamedModule":"unnamed module @759e77cf","skipMemoryLeakChecksOnJvmShutdown":false,"definedPackages":[],"clearReferencesRmiTargets":false,"clearReferencesHttpClientKeepAliveThread":true,"serviceName":"Tomcat","clearReferencesThreadLocals":false,"clearReferencesStopThreads":false,"delegate":true,"clearReferencesLogFactoryRelease":true,"stateName":"STARTED","clearReferencesStopTimerThreads":false,"webappName":"ROOT","registeredAsParallelCapable":true,"state":"STARTED"},"filterRegistrations":{"requestContextFilter":{"initParameters":{},"name":"requestContextFilter","className":"org.springframework.boot.web.servlet.filter.OrderedRequestContextFilter","urlPatternMappings":["/*"],"servletNameMappings":[]},"characterEncodingFilter":{"initParameters":{},"name":"characterEncodingFilter","className":"org.springframework.boot.web.servlet.filter.OrderedCharacterEncodingFilter","urlPatternMappings":["/*"],"servletNameMappings":[]},"Tomcat WebSocket (JSR356) Filter":{"initParameters":{},"name":"Tomcat WebSocket (JSR356) Filter","className":"org.apache.tomcat.websocket.server.WsFilter","urlPatternMappings":["/*"],"servletNameMappings":[]},"formContentFilter":{"initParameters":{},"name":"formContentFilter","className":"org.springframework.boot.web.servlet.filter.OrderedFormContentFilter","urlPatternMappings":["/*"],"servletNameMappings":[]}},"servletNames":"java.util.Collections$3@3483433","contextPath":"","defaultSessionTrackingModes":["COOKIE","URL"],"majorVersion":4,"effectiveMinorVersion":0,"sessionCookieConfig":{"maxAge":-1,"httpOnly":false,"secure":false},"effectiveSessionTrackingModes":["COOKIE","URL"],"attributeNames":"java.util.Collections$3@3b9fafe7","servletRegistrations":{"dispatcherServlet":{"initParameters":{},"mappings":["/"],"name":"dispatcherServlet","className":"org.springframework.web.servlet.DispatcherServlet"}},"serverInfo":"Apache Tomcat/9.0.65","servlets":"java.util.Collections$3@b92b340","sessionTimeout":30,"minorVersion":0,"servletContextName":"application","effectiveMajorVersion":3},"headerNames":{},"remotePort":58876,"contextPath":"","inputStream":{"ready":false,"finished":false},"httpServletMapping":{},"requestURI":"/blog/submit","localName":"kubernetes.docker.internal","locales":"java.util.Collections$3@48064b06","dispatcherType":"ERROR","servletPath":"/blog/submit","contentLength":44,"characterEncoding":"UTF-8"},"requestedSessionIdFromCookie":false,"scheme":"http","contentLengthLong":44,"remoteHost":"127.0.0.1","asyncStarted":false,"serverName":"127.0.0.1","locale":"zh_CN","serverPort":8088,"secure":false,"trailerFieldsReady":true,"protocol":"HTTP/1.1","asyncSupported":true,"requestedSessionIdFromUrl":false,"requestedSessionIdFromURL":false,"contentType":"application/json","localAddr":"127.0.0.1","remoteAddr":"127.0.0.1","method":"POST","trailerFields":{},"localPort":8088,"headerNames":{},"remotePort":58876,"inputStream":{"ready":false,"finished":false},"localName":"kubernetes.docker.internal","locales":"java.util.Collections$3@30a1a372","contentLength":44,"characterEncoding":"UTF-8"}
20:33:26.033 [http-nio-8088-exec-2] INFO  org.gift.Utiliy.JwtInterceptor.preHandle(JwtInterceptor.java:19) -这是response
20:33:26.035 [http-nio-8088-exec-2] INFO  org.gift.Utiliy.JwtInterceptor.preHandle(JwtInterceptor.java:21) -{"committed":true,"response":{"committed":true,"headerNames":["Set-Cookie","Content-Length","Date","Keep-Alive","Connection"],"contentWritten":0,"finished":false,"outputStream":{"ready":false},"locale":"zh_CN","characterEncoding":"ISO-8859-1","bufferSize":8192,"status":200},"headerNames":["Set-Cookie","Content-Length","Date","Keep-Alive","Connection"],"outputStream":{"ready":false},"locale":"zh_CN","characterEncoding":"ISO-8859-1","status":200,"bufferSize":8192}
20:33:26.035 [http-nio-8088-exec-2] INFO  org.gift.Utiliy.JwtInterceptor.preHandle(JwtInterceptor.java:22) ---------------------------------
20:33:26.035 [http-nio-8088-exec-2] INFO  org.gift.Utiliy.JwtInterceptor.preHandle(JwtInterceptor.java:31) -获取到token：null
20:33:26.036 [http-nio-8088-exec-2] ERROR org.apache.juli.logging.DirectJDKLog.log(DirectJDKLog.java:175) -Servlet.service() for servlet [dispatcherServlet] threw exception
java.lang.RuntimeException: 没有获取到token，请重新登录
	at org.gift.Utiliy.JwtInterceptor.preHandle(JwtInterceptor.java:34) ~[classes/:?]
	at org.springframework.web.servlet.HandlerExecutionChain.applyPreHandle(HandlerExecutionChain.java:148) ~[spring-webmvc-5.3.23.jar:5.3.23]
	at org.springframework.web.servlet.DispatcherServlet.doDispatch(DispatcherServlet.java:1066) ~[spring-webmvc-5.3.23.jar:5.3.23]
	at org.springframework.web.servlet.DispatcherServlet.doService(DispatcherServlet.java:964) ~[spring-webmvc-5.3.23.jar:5.3.23]
	at org.springframework.web.servlet.FrameworkServlet.processRequest(FrameworkServlet.java:1006) ~[spring-webmvc-5.3.23.jar:5.3.23]
	at org.springframework.web.servlet.FrameworkServlet.doPost(FrameworkServlet.java:909) ~[spring-webmvc-5.3.23.jar:5.3.23]
	at javax.servlet.http.HttpServlet.service(HttpServlet.java:681) ~[tomcat-embed-core-9.0.65.jar:4.0.FR]
	at org.springframework.web.servlet.FrameworkServlet.service(FrameworkServlet.java:883) ~[spring-webmvc-5.3.23.jar:5.3.23]
	at javax.servlet.http.HttpServlet.service(HttpServlet.java:764) ~[tomcat-embed-core-9.0.65.jar:4.0.FR]
	at org.apache.catalina.core.ApplicationFilterChain.internalDoFilter(ApplicationFilterChain.java:227) ~[tomcat-embed-core-9.0.65.jar:9.0.65]
	at org.apache.catalina.core.ApplicationFilterChain.doFilter(ApplicationFilterChain.java:162) ~[tomcat-embed-core-9.0.65.jar:9.0.65]
	at org.springframework.web.filter.RequestContextFilter.doFilterInternal(RequestContextFilter.java:100) ~[spring-web-5.3.23.jar:5.3.23]
	at org.springframework.web.filter.OncePerRequestFilter.doFilter(OncePerRequestFilter.java:117) ~[spring-web-5.3.23.jar:5.3.23]
	at org.apache.catalina.core.ApplicationFilterChain.internalDoFilter(ApplicationFilterChain.java:189) ~[tomcat-embed-core-9.0.65.jar:9.0.65]
	at org.apache.catalina.core.ApplicationFilterChain.doFilter(ApplicationFilterChain.java:162) ~[tomcat-embed-core-9.0.65.jar:9.0.65]
	at org.springframework.web.filter.OncePerRequestFilter.doFilter(OncePerRequestFilter.java:102) ~[spring-web-5.3.23.jar:5.3.23]
	at org.apache.catalina.core.ApplicationFilterChain.internalDoFilter(ApplicationFilterChain.java:189) ~[tomcat-embed-core-9.0.65.jar:9.0.65]
	at org.apache.catalina.core.ApplicationFilterChain.doFilter(ApplicationFilterChain.java:162) ~[tomcat-embed-core-9.0.65.jar:9.0.65]
	at org.springframework.web.filter.OncePerRequestFilter.doFilter(OncePerRequestFilter.java:102) ~[spring-web-5.3.23.jar:5.3.23]
	at org.apache.catalina.core.ApplicationFilterChain.internalDoFilter(ApplicationFilterChain.java:189) ~[tomcat-embed-core-9.0.65.jar:9.0.65]
	at org.apache.catalina.core.ApplicationFilterChain.doFilter(ApplicationFilterChain.java:162) ~[tomcat-embed-core-9.0.65.jar:9.0.65]
	at org.apache.catalina.core.ApplicationDispatcher.invoke(ApplicationDispatcher.java:711) ~[tomcat-embed-core-9.0.65.jar:9.0.65]
	at org.apache.catalina.core.ApplicationDispatcher.doInclude(ApplicationDispatcher.java:578) ~[tomcat-embed-core-9.0.65.jar:9.0.65]
	at org.apache.catalina.core.ApplicationDispatcher.include(ApplicationDispatcher.java:517) ~[tomcat-embed-core-9.0.65.jar:9.0.65]
	at org.apache.catalina.core.StandardHostValve.custom(StandardHostValve.java:384) ~[tomcat-embed-core-9.0.65.jar:9.0.65]
	at org.apache.catalina.core.StandardHostValve.status(StandardHostValve.java:249) ~[tomcat-embed-core-9.0.65.jar:9.0.65]
	at org.apache.catalina.core.StandardHostValve.throwable(StandardHostValve.java:344) ~[tomcat-embed-core-9.0.65.jar:9.0.65]
	at org.apache.catalina.core.StandardHostValve.invoke(StandardHostValve.java:169) ~[tomcat-embed-core-9.0.65.jar:9.0.65]
	at org.apache.catalina.valves.ErrorReportValve.invoke(ErrorReportValve.java:92) ~[tomcat-embed-core-9.0.65.jar:9.0.65]
	at org.apache.catalina.core.StandardEngineValve.invoke(StandardEngineValve.java:78) ~[tomcat-embed-core-9.0.65.jar:9.0.65]
	at org.apache.catalina.connector.CoyoteAdapter.service(CoyoteAdapter.java:360) ~[tomcat-embed-core-9.0.65.jar:9.0.65]
	at org.apache.coyote.http11.Http11Processor.service(Http11Processor.java:399) ~[tomcat-embed-core-9.0.65.jar:9.0.65]
	at org.apache.coyote.AbstractProcessorLight.process(AbstractProcessorLight.java:65) ~[tomcat-embed-core-9.0.65.jar:9.0.65]
	at org.apache.coyote.AbstractProtocol$ConnectionHandler.process(AbstractProtocol.java:890) ~[tomcat-embed-core-9.0.65.jar:9.0.65]
	at org.apache.tomcat.util.net.NioEndpoint$SocketProcessor.doRun(NioEndpoint.java:1789) ~[tomcat-embed-core-9.0.65.jar:9.0.65]
	at org.apache.tomcat.util.net.SocketProcessorBase.run(SocketProcessorBase.java:49) ~[tomcat-embed-core-9.0.65.jar:9.0.65]
	at org.apache.tomcat.util.threads.ThreadPoolExecutor.runWorker(ThreadPoolExecutor.java:1191) ~[tomcat-embed-core-9.0.65.jar:9.0.65]
	at org.apache.tomcat.util.threads.ThreadPoolExecutor$Worker.run(ThreadPoolExecutor.java:659) ~[tomcat-embed-core-9.0.65.jar:9.0.65]
	at org.apache.tomcat.util.threads.TaskThread$WrappingRunnable.run(TaskThread.java:61) ~[tomcat-embed-core-9.0.65.jar:9.0.65]
	at java.lang.Thread.run(Thread.java:833) ~[?:?]
20:33:26.038 [http-nio-8088-exec-2] ERROR org.apache.juli.logging.DirectJDKLog.log(DirectJDKLog.java:175) -Exception Processing ErrorPage[errorCode=0, location=/error]
org.springframework.web.util.NestedServletException: Request processing failed; nested exception is java.lang.RuntimeException: 没有获取到token，请重新登录
	at org.springframework.web.servlet.FrameworkServlet.processRequest(FrameworkServlet.java:1014) ~[spring-webmvc-5.3.23.jar:5.3.23]
	at org.springframework.web.servlet.FrameworkServlet.doPost(FrameworkServlet.java:909) ~[spring-webmvc-5.3.23.jar:5.3.23]
	at javax.servlet.http.HttpServlet.service(HttpServlet.java:681) ~[tomcat-embed-core-9.0.65.jar:4.0.FR]
	at org.springframework.web.servlet.FrameworkServlet.service(FrameworkServlet.java:883) ~[spring-webmvc-5.3.23.jar:5.3.23]
	at javax.servlet.http.HttpServlet.service(HttpServlet.java:764) ~[tomcat-embed-core-9.0.65.jar:4.0.FR]
	at org.apache.catalina.core.ApplicationFilterChain.internalDoFilter(ApplicationFilterChain.java:227) ~[tomcat-embed-core-9.0.65.jar:9.0.65]
	at org.apache.catalina.core.ApplicationFilterChain.doFilter(ApplicationFilterChain.java:162) ~[tomcat-embed-core-9.0.65.jar:9.0.65]
	at org.springframework.web.filter.RequestContextFilter.doFilterInternal(RequestContextFilter.java:100) ~[spring-web-5.3.23.jar:5.3.23]
	at org.springframework.web.filter.OncePerRequestFilter.doFilter(OncePerRequestFilter.java:117) ~[spring-web-5.3.23.jar:5.3.23]
	at org.apache.catalina.core.ApplicationFilterChain.internalDoFilter(ApplicationFilterChain.java:189) ~[tomcat-embed-core-9.0.65.jar:9.0.65]
	at org.apache.catalina.core.ApplicationFilterChain.doFilter(ApplicationFilterChain.java:162) ~[tomcat-embed-core-9.0.65.jar:9.0.65]
	at org.springframework.web.filter.OncePerRequestFilter.doFilter(OncePerRequestFilter.java:102) ~[spring-web-5.3.23.jar:5.3.23]
	at org.apache.catalina.core.ApplicationFilterChain.internalDoFilter(ApplicationFilterChain.java:189) ~[tomcat-embed-core-9.0.65.jar:9.0.65]
	at org.apache.catalina.core.ApplicationFilterChain.doFilter(ApplicationFilterChain.java:162) ~[tomcat-embed-core-9.0.65.jar:9.0.65]
	at org.springframework.web.filter.OncePerRequestFilter.doFilter(OncePerRequestFilter.java:102) ~[spring-web-5.3.23.jar:5.3.23]
	at org.apache.catalina.core.ApplicationFilterChain.internalDoFilter(ApplicationFilterChain.java:189) ~[tomcat-embed-core-9.0.65.jar:9.0.65]
	at org.apache.catalina.core.ApplicationFilterChain.doFilter(ApplicationFilterChain.java:162) ~[tomcat-embed-core-9.0.65.jar:9.0.65]
	at org.apache.catalina.core.ApplicationDispatcher.invoke(ApplicationDispatcher.java:711) ~[tomcat-embed-core-9.0.65.jar:9.0.65]
	at org.apache.catalina.core.ApplicationDispatcher.doInclude(ApplicationDispatcher.java:578) ~[tomcat-embed-core-9.0.65.jar:9.0.65]
	at org.apache.catalina.core.ApplicationDispatcher.include(ApplicationDispatcher.java:517) ~[tomcat-embed-core-9.0.65.jar:9.0.65]
	at org.apache.catalina.core.StandardHostValve.custom(StandardHostValve.java:384) ~[tomcat-embed-core-9.0.65.jar:9.0.65]
	at org.apache.catalina.core.StandardHostValve.status(StandardHostValve.java:249) ~[tomcat-embed-core-9.0.65.jar:9.0.65]
	at org.apache.catalina.core.StandardHostValve.throwable(StandardHostValve.java:344) ~[tomcat-embed-core-9.0.65.jar:9.0.65]
	at org.apache.catalina.core.StandardHostValve.invoke(StandardHostValve.java:169) ~[tomcat-embed-core-9.0.65.jar:9.0.65]
	at org.apache.catalina.valves.ErrorReportValve.invoke(ErrorReportValve.java:92) ~[tomcat-embed-core-9.0.65.jar:9.0.65]
	at org.apache.catalina.core.StandardEngineValve.invoke(StandardEngineValve.java:78) ~[tomcat-embed-core-9.0.65.jar:9.0.65]
	at org.apache.catalina.connector.CoyoteAdapter.service(CoyoteAdapter.java:360) ~[tomcat-embed-core-9.0.65.jar:9.0.65]
	at org.apache.coyote.http11.Http11Processor.service(Http11Processor.java:399) ~[tomcat-embed-core-9.0.65.jar:9.0.65]
	at org.apache.coyote.AbstractProcessorLight.process(AbstractProcessorLight.java:65) ~[tomcat-embed-core-9.0.65.jar:9.0.65]
	at org.apache.coyote.AbstractProtocol$ConnectionHandler.process(AbstractProtocol.java:890) ~[tomcat-embed-core-9.0.65.jar:9.0.65]
	at org.apache.tomcat.util.net.NioEndpoint$SocketProcessor.doRun(NioEndpoint.java:1789) ~[tomcat-embed-core-9.0.65.jar:9.0.65]
	at org.apache.tomcat.util.net.SocketProcessorBase.run(SocketProcessorBase.java:49) ~[tomcat-embed-core-9.0.65.jar:9.0.65]
	at org.apache.tomcat.util.threads.ThreadPoolExecutor.runWorker(ThreadPoolExecutor.java:1191) ~[tomcat-embed-core-9.0.65.jar:9.0.65]
	at org.apache.tomcat.util.threads.ThreadPoolExecutor$Worker.run(ThreadPoolExecutor.java:659) ~[tomcat-embed-core-9.0.65.jar:9.0.65]
	at org.apache.tomcat.util.threads.TaskThread$WrappingRunnable.run(TaskThread.java:61) ~[tomcat-embed-core-9.0.65.jar:9.0.65]
	at java.lang.Thread.run(Thread.java:833) ~[?:?]
Caused by: java.lang.RuntimeException: 没有获取到token，请重新登录
	at org.gift.Utiliy.JwtInterceptor.preHandle(JwtInterceptor.java:34) ~[classes/:?]
	at org.springframework.web.servlet.HandlerExecutionChain.applyPreHandle(HandlerExecutionChain.java:148) ~[spring-webmvc-5.3.23.jar:5.3.23]
	at org.springframework.web.servlet.DispatcherServlet.doDispatch(DispatcherServlet.java:1066) ~[spring-webmvc-5.3.23.jar:5.3.23]
	at org.springframework.web.servlet.DispatcherServlet.doService(DispatcherServlet.java:964) ~[spring-webmvc-5.3.23.jar:5.3.23]
	at org.springframework.web.servlet.FrameworkServlet.processRequest(FrameworkServlet.java:1006) ~[spring-webmvc-5.3.23.jar:5.3.23]
	... 35 more
