16:45:36.085 [main] INFO  org.springframework.boot.StartupInfoLogger.logStarting(StartupInfoLogger.java:55) -Starting Main using Java 17 on MS-FKJHQAVSLGRF with PID 15516 (D:\javaobjects\MyBlog\target\classes started by Administrator in D:\javaobjects\MyBlog)
16:45:36.097 [main] INFO  org.springframework.boot.SpringApplication.logStartupProfileInfo(SpringApplication.java:634) -No active profile set, falling back to 1 default profile: "default"
16:45:36.965 [main] INFO  org.springframework.boot.web.embedded.tomcat.TomcatWebServer.initialize(TomcatWebServer.java:108) -Tomcat initialized with port(s): 8088 (http)
16:45:36.973 [main] INFO  org.apache.juli.logging.DirectJDKLog.log(DirectJDKLog.java:173) -Initializing ProtocolHandler ["http-nio-8088"]
16:45:36.981 [main] INFO  org.apache.juli.logging.DirectJDKLog.log(DirectJDKLog.java:173) -Starting service [Tomcat]
16:45:36.981 [main] INFO  org.apache.juli.logging.DirectJDKLog.log(DirectJDKLog.java:173) -Starting Servlet engine: [Apache Tomcat/9.0.65]
16:45:37.056 [main] INFO  org.apache.juli.logging.DirectJDKLog.log(DirectJDKLog.java:173) -Initializing Spring embedded WebApplicationContext
16:45:37.056 [main] INFO  org.springframework.boot.web.servlet.context.ServletWebServerApplicationContext.prepareWebApplicationContext(ServletWebServerApplicationContext.java:292) -Root WebApplicationContext: initialization completed in 919 ms
16:45:37.524 [main] INFO  org.apache.juli.logging.DirectJDKLog.log(DirectJDKLog.java:173) -Starting ProtocolHandler ["http-nio-8088"]
16:45:37.542 [main] INFO  org.springframework.boot.web.embedded.tomcat.TomcatWebServer.start(TomcatWebServer.java:220) -Tomcat started on port(s): 8088 (http) with context path ''
16:45:37.550 [main] INFO  org.springframework.boot.StartupInfoLogger.logStarted(StartupInfoLogger.java:61) -Started Main in 1.853 seconds (JVM running for 2.382)
16:45:58.856 [http-nio-8088-exec-1] INFO  org.apache.juli.logging.DirectJDKLog.log(DirectJDKLog.java:173) -Initializing Spring DispatcherServlet 'dispatcherServlet'
16:45:58.856 [http-nio-8088-exec-1] INFO  org.springframework.web.servlet.FrameworkServlet.initServletBean(FrameworkServlet.java:525) -Initializing Servlet 'dispatcherServlet'
16:45:58.856 [http-nio-8088-exec-1] INFO  org.springframework.web.servlet.FrameworkServlet.initServletBean(FrameworkServlet.java:547) -Completed initialization in 0 ms
16:45:58.872 [http-nio-8088-exec-1] INFO  org.gift.Utiliy.JwtInterceptor.preHandle(JwtInterceptor.java:14) --------------------------------
16:45:58.872 [http-nio-8088-exec-1] INFO  org.gift.Utiliy.JwtInterceptor.preHandle(JwtInterceptor.java:15) -这里是在JwtInterceptor中打印的日志
16:45:58.872 [http-nio-8088-exec-1] INFO  org.gift.Utiliy.JwtInterceptor.preHandle(JwtInterceptor.java:16) -这是request
16:45:58.950 [http-nio-8088-exec-1] INFO  org.gift.Utiliy.JwtInterceptor.preHandle(JwtInterceptor.java:18) -{"requestedSessionIdFromCookie":false,"scheme":"http","contentLengthLong":44,"remoteHost":"127.0.0.1","session":{"lastAccessedTime":1664613958908,"sessionContext":{},"new":true,"attributeNames":"java.util.Collections$3@5fa3d0d3","maxInactiveInterval":1800,"creationTime":1664613958908,"valueNames":[],"servletContext":{"initParameterNames":"java.util.Collections$3@4d453ba","virtualServerName":"Tomcat/localhost","classLoader":{"hostName":"localhost","contextName":"ROOT","parent":"jdk.internal.loader.ClassLoaders$AppClassLoader@63947c6b","URLs":[],"clearReferencesObjectStreamClassCaches":false,"unnamedModule":"unnamed module @1ecaac0b","skipMemoryLeakChecksOnJvmShutdown":false,"definedPackages":[],"clearReferencesRmiTargets":false,"clearReferencesHttpClientKeepAliveThread":true,"serviceName":"Tomcat","clearReferencesThreadLocals":false,"clearReferencesStopThreads":false,"delegate":true,"clearReferencesLogFactoryRelease":true,"stateName":"STARTED","clearReferencesStopTimerThreads":false,"webappName":"ROOT","registeredAsParallelCapable":true,"state":"STARTED"},"filterRegistrations":{"requestContextFilter":{"initParameters":{},"name":"requestContextFilter","className":"org.springframework.boot.web.servlet.filter.OrderedRequestContextFilter","urlPatternMappings":["/*"],"servletNameMappings":[]},"characterEncodingFilter":{"initParameters":{},"name":"characterEncodingFilter","className":"org.springframework.boot.web.servlet.filter.OrderedCharacterEncodingFilter","urlPatternMappings":["/*"],"servletNameMappings":[]},"Tomcat WebSocket (JSR356) Filter":{"initParameters":{},"name":"Tomcat WebSocket (JSR356) Filter","className":"org.apache.tomcat.websocket.server.WsFilter","urlPatternMappings":["/*"],"servletNameMappings":[]},"formContentFilter":{"initParameters":{},"name":"formContentFilter","className":"org.springframework.boot.web.servlet.filter.OrderedFormContentFilter","urlPatternMappings":["/*"],"servletNameMappings":[]}},"servletNames":"java.util.Collections$3@6dd6df4c","contextPath":"","defaultSessionTrackingModes":["COOKIE","URL"],"majorVersion":4,"effectiveMinorVersion":0,"sessionCookieConfig":{"maxAge":-1,"httpOnly":false,"secure":false},"effectiveSessionTrackingModes":["COOKIE","URL"],"attributeNames":"java.util.Collections$3@d8b111e","servletRegistrations":{"dispatcherServlet":{"initParameters":{},"mappings":["/"],"name":"dispatcherServlet","className":"org.springframework.web.servlet.DispatcherServlet"}},"serverInfo":"Apache Tomcat/9.0.65","servlets":"java.util.Collections$3@51f3f919","sessionTimeout":30,"minorVersion":0,"servletContextName":"application","effectiveMajorVersion":3},"id":"81474FD2A4A2A04159AAEE3A97CB08C8"},"asyncStarted":false,"serverName":"127.0.0.1","parameterNames":"java.util.Collections$3@42319bc5","locale":"zh_CN","serverPort":8088,"secure":false,"requestedSessionIdValid":false,"trailerFieldsReady":true,"protocol":"HTTP/1.1","attributeNames":"java.util.Collections$3@565ba907","requestURL":"http://127.0.0.1:8088/customer/login","allowTrace":false,"asyncSupported":true,"contentType":"application/json","localAddr":"127.0.0.1","parameterMap":{},"requestedSessionIdFromUrl":false,"requestedSessionIdFromURL":false,"remoteAddr":"127.0.0.1","method":"POST","localPort":8088,"trailerFields":{},"servletContext":{"initParameterNames":"java.util.Collections$3@36ae29d","virtualServerName":"Tomcat/localhost","classLoader":{"hostName":"localhost","contextName":"ROOT","parent":"jdk.internal.loader.ClassLoaders$AppClassLoader@63947c6b","URLs":[],"clearReferencesObjectStreamClassCaches":false,"unnamedModule":"unnamed module @1ecaac0b","skipMemoryLeakChecksOnJvmShutdown":false,"definedPackages":[],"clearReferencesRmiTargets":false,"clearReferencesHttpClientKeepAliveThread":true,"serviceName":"Tomcat","clearReferencesThreadLocals":false,"clearReferencesStopThreads":false,"delegate":true,"clearReferencesLogFactoryRelease":true,"stateName":"STARTED","clearReferencesStopTimerThreads":false,"webappName":"ROOT","registeredAsParallelCapable":true,"state":"STARTED"},"filterRegistrations":{"requestContextFilter":{"initParameters":{},"name":"requestContextFilter","className":"org.springframework.boot.web.servlet.filter.OrderedRequestContextFilter","urlPatternMappings":["/*"],"servletNameMappings":[]},"characterEncodingFilter":{"initParameters":{},"name":"characterEncodingFilter","className":"org.springframework.boot.web.servlet.filter.OrderedCharacterEncodingFilter","urlPatternMappings":["/*"],"servletNameMappings":[]},"Tomcat WebSocket (JSR356) Filter":{"initParameters":{},"name":"Tomcat WebSocket (JSR356) Filter","className":"org.apache.tomcat.websocket.server.WsFilter","urlPatternMappings":["/*"],"servletNameMappings":[]},"formContentFilter":{"initParameters":{},"name":"formContentFilter","className":"org.springframework.boot.web.servlet.filter.OrderedFormContentFilter","urlPatternMappings":["/*"],"servletNameMappings":[]}},"servletNames":"java.util.Collections$3@7ec976ec","contextPath":"","defaultSessionTrackingModes":["COOKIE","URL"],"majorVersion":4,"effectiveMinorVersion":0,"sessionCookieConfig":{"maxAge":-1,"httpOnly":false,"secure":false},"effectiveSessionTrackingModes":["COOKIE","URL"],"attributeNames":"java.util.Collections$3@3bf692de","servletRegistrations":{"dispatcherServlet":{"initParameters":{},"mappings":["/"],"name":"dispatcherServlet","className":"org.springframework.web.servlet.DispatcherServlet"}},"serverInfo":"Apache Tomcat/9.0.65","servlets":"java.util.Collections$3@5ef53dd1","sessionTimeout":30,"minorVersion":0,"servletContextName":"application","effectiveMajorVersion":3},"headerNames":{},"remotePort":55495,"contextPath":"","inputStream":{"ready":false,"finished":false},"httpServletMapping":{},"requestURI":"/customer/login","localName":"kubernetes.docker.internal","locales":"java.util.Collections$3@36190984","dispatcherType":"REQUEST","servletPath":"/customer/login","contentLength":44,"characterEncoding":"UTF-8"}
16:45:58.950 [http-nio-8088-exec-1] INFO  org.gift.Utiliy.JwtInterceptor.preHandle(JwtInterceptor.java:19) -这是response
16:45:58.950 [http-nio-8088-exec-1] INFO  org.gift.Utiliy.JwtInterceptor.preHandle(JwtInterceptor.java:21) -{"committed":true,"contentWritten":0,"headerNames":["Set-Cookie","Content-Length","Date","Keep-Alive","Connection"],"finished":false,"outputStream":{"ready":false},"locale":"zh_CN","characterEncoding":"ISO-8859-1","status":200,"bufferSize":8192}
16:45:58.950 [http-nio-8088-exec-1] INFO  org.gift.Utiliy.JwtInterceptor.preHandle(JwtInterceptor.java:22) ---------------------------------
16:45:58.950 [http-nio-8088-exec-1] INFO  org.gift.Utiliy.JwtInterceptor.preHandle(JwtInterceptor.java:31) -获取到token：null
16:45:58.966 [http-nio-8088-exec-1] ERROR org.apache.juli.logging.DirectJDKLog.log(DirectJDKLog.java:175) -Servlet.service() for servlet [dispatcherServlet] in context with path [] threw exception [Request processing failed; nested exception is java.lang.RuntimeException: 没有获取到token，请重新登录] with root cause
java.lang.RuntimeException: 没有获取到token，请重新登录
	at org.gift.Utiliy.JwtInterceptor.preHandle(JwtInterceptor.java:33) ~[classes/:?]
	at org.springframework.web.servlet.HandlerExecutionChain.applyPreHandle(HandlerExecutionChain.java:148) ~[spring-webmvc-5.3.23.jar:5.3.23]
	at org.springframework.web.servlet.DispatcherServlet.doDispatch(DispatcherServlet.java:1066) ~[spring-webmvc-5.3.23.jar:5.3.23]
	at org.springframework.web.servlet.DispatcherServlet.doService(DispatcherServlet.java:964) ~[spring-webmvc-5.3.23.jar:5.3.23]
	at org.springframework.web.servlet.FrameworkServlet.processRequest(FrameworkServlet.java:1006) ~[spring-webmvc-5.3.23.jar:5.3.23]
	at org.springframework.web.servlet.FrameworkServlet.doPost(FrameworkServlet.java:909) ~[spring-webmvc-5.3.23.jar:5.3.23]
	at javax.servlet.http.HttpServlet.service(HttpServlet.java:681) ~[tomcat-embed-core-9.0.65.jar:4.0.FR]
	at org.springframework.web.servlet.FrameworkServlet.service(FrameworkServlet.java:883) ~[spring-webmvc-5.3.23.jar:5.3.23]
	at javax.servlet.http.HttpServlet.service(HttpServlet.java:764) ~[tomcat-embed-core-9.0.65.jar:4.0.FR]
	at org.apache.catalina.core.ApplicationFilterChain.internalDoFilter(ApplicationFilterChain.java:227) ~[tomcat-embed-core-9.0.65.jar:9.0.65]
	at org.apache.catalina.core.ApplicationFilterChain.doFilter(ApplicationFilterChain.java:162) ~[tomcat-embed-core-9.0.65.jar:9.0.65]
	at org.apache.tomcat.websocket.server.WsFilter.doFilter(WsFilter.java:53) ~[tomcat-embed-websocket-9.0.65.jar:9.0.65]
	at org.apache.catalina.core.ApplicationFilterChain.internalDoFilter(ApplicationFilterChain.java:189) ~[tomcat-embed-core-9.0.65.jar:9.0.65]
	at org.apache.catalina.core.ApplicationFilterChain.doFilter(ApplicationFilterChain.java:162) ~[tomcat-embed-core-9.0.65.jar:9.0.65]
	at org.springframework.web.filter.RequestContextFilter.doFilterInternal(RequestContextFilter.java:100) ~[spring-web-5.3.23.jar:5.3.23]
	at org.springframework.web.filter.OncePerRequestFilter.doFilter(OncePerRequestFilter.java:117) ~[spring-web-5.3.23.jar:5.3.23]
	at org.apache.catalina.core.ApplicationFilterChain.internalDoFilter(ApplicationFilterChain.java:189) ~[tomcat-embed-core-9.0.65.jar:9.0.65]
	at org.apache.catalina.core.ApplicationFilterChain.doFilter(ApplicationFilterChain.java:162) ~[tomcat-embed-core-9.0.65.jar:9.0.65]
	at org.springframework.web.filter.FormContentFilter.doFilterInternal(FormContentFilter.java:93) ~[spring-web-5.3.23.jar:5.3.23]
	at org.springframework.web.filter.OncePerRequestFilter.doFilter(OncePerRequestFilter.java:117) ~[spring-web-5.3.23.jar:5.3.23]
	at org.apache.catalina.core.ApplicationFilterChain.internalDoFilter(ApplicationFilterChain.java:189) ~[tomcat-embed-core-9.0.65.jar:9.0.65]
	at org.apache.catalina.core.ApplicationFilterChain.doFilter(ApplicationFilterChain.java:162) ~[tomcat-embed-core-9.0.65.jar:9.0.65]
	at org.springframework.web.filter.CharacterEncodingFilter.doFilterInternal(CharacterEncodingFilter.java:201) ~[spring-web-5.3.23.jar:5.3.23]
	at org.springframework.web.filter.OncePerRequestFilter.doFilter(OncePerRequestFilter.java:117) ~[spring-web-5.3.23.jar:5.3.23]
	at org.apache.catalina.core.ApplicationFilterChain.internalDoFilter(ApplicationFilterChain.java:189) ~[tomcat-embed-core-9.0.65.jar:9.0.65]
	at org.apache.catalina.core.ApplicationFilterChain.doFilter(ApplicationFilterChain.java:162) ~[tomcat-embed-core-9.0.65.jar:9.0.65]
	at org.apache.catalina.core.StandardWrapperValve.invoke(StandardWrapperValve.java:197) ~[tomcat-embed-core-9.0.65.jar:9.0.65]
	at org.apache.catalina.core.StandardContextValve.invoke(StandardContextValve.java:97) ~[tomcat-embed-core-9.0.65.jar:9.0.65]
	at org.apache.catalina.authenticator.AuthenticatorBase.invoke(AuthenticatorBase.java:541) ~[tomcat-embed-core-9.0.65.jar:9.0.65]
	at org.apache.catalina.core.StandardHostValve.invoke(StandardHostValve.java:135) ~[tomcat-embed-core-9.0.65.jar:9.0.65]
	at org.apache.catalina.valves.ErrorReportValve.invoke(ErrorReportValve.java:92) ~[tomcat-embed-core-9.0.65.jar:9.0.65]
	at org.apache.catalina.core.StandardEngineValve.invoke(StandardEngineValve.java:78) ~[tomcat-embed-core-9.0.65.jar:9.0.65]
	at org.apache.catalina.connector.CoyoteAdapter.service(CoyoteAdapter.java:360) ~[tomcat-embed-core-9.0.65.jar:9.0.65]
	at org.apache.coyote.http11.Http11Processor.service(Http11Processor.java:399) ~[tomcat-embed-core-9.0.65.jar:9.0.65]
	at org.apache.coyote.AbstractProcessorLight.process(AbstractProcessorLight.java:65) ~[tomcat-embed-core-9.0.65.jar:9.0.65]
	at org.apache.coyote.AbstractProtocol$ConnectionHandler.process(AbstractProtocol.java:890) ~[tomcat-embed-core-9.0.65.jar:9.0.65]
	at org.apache.tomcat.util.net.NioEndpoint$SocketProcessor.doRun(NioEndpoint.java:1789) ~[tomcat-embed-core-9.0.65.jar:9.0.65]
	at org.apache.tomcat.util.net.SocketProcessorBase.run(SocketProcessorBase.java:49) ~[tomcat-embed-core-9.0.65.jar:9.0.65]
	at org.apache.tomcat.util.threads.ThreadPoolExecutor.runWorker(ThreadPoolExecutor.java:1191) ~[tomcat-embed-core-9.0.65.jar:9.0.65]
	at org.apache.tomcat.util.threads.ThreadPoolExecutor$Worker.run(ThreadPoolExecutor.java:659) ~[tomcat-embed-core-9.0.65.jar:9.0.65]
	at org.apache.tomcat.util.threads.TaskThread$WrappingRunnable.run(TaskThread.java:61) ~[tomcat-embed-core-9.0.65.jar:9.0.65]
	at java.lang.Thread.run(Thread.java:833) ~[?:?]
