15:44:31.743 [SpringApplicationShutdownHook] INFO  com.zaxxer.hikari.HikariDataSource.close(HikariDataSource.java:350) -HikariPool-1 - Shutdown initiated...
15:44:31.764 [SpringApplicationShutdownHook] INFO  com.zaxxer.hikari.HikariDataSource.close(HikariDataSource.java:352) -HikariPool-1 - Shutdown completed.
15:44:35.106 [main] INFO  org.springframework.boot.StartupInfoLogger.logStarting(StartupInfoLogger.java:55) -Starting Main using Java 17 on MS-FKJHQAVSLGRF with PID 11528 (D:\javaobjects\MyBlog\target\classes started by Administrator in D:\javaobjects\MyBlog)
15:44:35.112 [main] INFO  org.springframework.boot.SpringApplication.logStartupProfileInfo(SpringApplication.java:634) -No active profile set, falling back to 1 default profile: "default"
15:44:35.977 [main] INFO  org.springframework.boot.web.embedded.tomcat.TomcatWebServer.initialize(TomcatWebServer.java:108) -Tomcat initialized with port(s): 8088 (http)
15:44:35.985 [main] INFO  org.apache.juli.logging.DirectJDKLog.log(DirectJDKLog.java:173) -Initializing ProtocolHandler ["http-nio-8088"]
15:44:35.986 [main] INFO  org.apache.juli.logging.DirectJDKLog.log(DirectJDKLog.java:173) -Starting service [Tomcat]
15:44:35.986 [main] INFO  org.apache.juli.logging.DirectJDKLog.log(DirectJDKLog.java:173) -Starting Servlet engine: [Apache Tomcat/9.0.65]
15:44:36.058 [main] INFO  org.apache.juli.logging.DirectJDKLog.log(DirectJDKLog.java:173) -Initializing Spring embedded WebApplicationContext
15:44:36.058 [main] INFO  org.springframework.boot.web.servlet.context.ServletWebServerApplicationContext.prepareWebApplicationContext(ServletWebServerApplicationContext.java:292) -Root WebApplicationContext: initialization completed in 909 ms
15:44:36.526 [main] INFO  org.apache.juli.logging.DirectJDKLog.log(DirectJDKLog.java:173) -Starting ProtocolHandler ["http-nio-8088"]
15:44:36.543 [main] INFO  org.springframework.boot.web.embedded.tomcat.TomcatWebServer.start(TomcatWebServer.java:220) -Tomcat started on port(s): 8088 (http) with context path ''
15:44:36.551 [main] INFO  org.springframework.boot.StartupInfoLogger.logStarted(StartupInfoLogger.java:61) -Started Main in 1.812 seconds (JVM running for 2.321)
15:44:43.075 [http-nio-8088-exec-1] INFO  org.apache.juli.logging.DirectJDKLog.log(DirectJDKLog.java:173) -Initializing Spring DispatcherServlet 'dispatcherServlet'
15:44:43.075 [http-nio-8088-exec-1] INFO  org.springframework.web.servlet.FrameworkServlet.initServletBean(FrameworkServlet.java:525) -Initializing Servlet 'dispatcherServlet'
15:44:43.076 [http-nio-8088-exec-1] INFO  org.springframework.web.servlet.FrameworkServlet.initServletBean(FrameworkServlet.java:547) -Completed initialization in 1 ms
15:44:43.143 [http-nio-8088-exec-1] INFO  org.gift.Servlet.Customer.LoginInterface.login(LoginInterface.java:53) -clientType = UNKNOWN
15:44:43.143 [http-nio-8088-exec-1] INFO  org.gift.Servlet.Customer.LoginInterface.login(LoginInterface.java:55) -os = Unknown
15:44:43.144 [http-nio-8088-exec-1] INFO  org.gift.Servlet.Customer.LoginInterface.login(LoginInterface.java:57) -browser = BOT
15:44:43.144 [http-nio-8088-exec-1] INFO  org.gift.Servlet.Customer.LoginInterface.login(LoginInterface.java:61) -127.0.0.1 调用/customer/login接口，RequestBody:{username=gift, password=qf123456}
15:44:43.159 [http-nio-8088-exec-1] INFO  com.zaxxer.hikari.HikariDataSource.getConnection(HikariDataSource.java:110) -HikariPool-1 - Starting...
15:44:43.162 [http-nio-8088-exec-1] WARN  com.zaxxer.hikari.util.DriverDataSource.<init>(DriverDataSource.java:70) -Registered driver with driverClassName=com.mysql.jdbc.Driver was not found, trying direct instantiation.
15:44:43.430 [http-nio-8088-exec-1] INFO  com.zaxxer.hikari.HikariDataSource.getConnection(HikariDataSource.java:123) -HikariPool-1 - Start completed.
15:44:43.780 [http-nio-8088-exec-1] INFO  org.gift.Servlet.Customer.LoginInterface.login(LoginInterface.java:84) -登录成功了
