17:49:43.059 [main] INFO  org.springframework.boot.StartupInfoLogger.logStarting(StartupInfoLogger.java:55) -Starting Main using Java 17 on MS-FKJHQAVSLGRF with PID 9556 (D:\javaobjects\MyBlog\target\classes started by Administrator in D:\javaobjects\MyBlog)
17:49:43.088 [main] INFO  org.springframework.boot.SpringApplication.logStartupProfileInfo(SpringApplication.java:634) -No active profile set, falling back to 1 default profile: "default"
17:49:44.230 [main] INFO  org.springframework.boot.web.embedded.tomcat.TomcatWebServer.initialize(TomcatWebServer.java:108) -Tomcat initialized with port(s): 8088 (http)
17:49:44.247 [main] INFO  org.apache.juli.logging.DirectJDKLog.log(DirectJDKLog.java:173) -Initializing ProtocolHandler ["http-nio-8088"]
17:49:44.247 [main] INFO  org.apache.juli.logging.DirectJDKLog.log(DirectJDKLog.java:173) -Starting service [Tomcat]
17:49:44.247 [main] INFO  org.apache.juli.logging.DirectJDKLog.log(DirectJDKLog.java:173) -Starting Servlet engine: [Apache Tomcat/9.0.65]
17:49:44.325 [main] INFO  org.apache.juli.logging.DirectJDKLog.log(DirectJDKLog.java:173) -Initializing Spring embedded WebApplicationContext
17:49:44.325 [main] INFO  org.springframework.boot.web.servlet.context.ServletWebServerApplicationContext.prepareWebApplicationContext(ServletWebServerApplicationContext.java:292) -Root WebApplicationContext: initialization completed in 1172 ms
17:49:44.825 [main] INFO  org.apache.juli.logging.DirectJDKLog.log(DirectJDKLog.java:173) -Starting ProtocolHandler ["http-nio-8088"]
17:49:44.841 [main] INFO  org.springframework.boot.web.embedded.tomcat.TomcatWebServer.start(TomcatWebServer.java:220) -Tomcat started on port(s): 8088 (http) with context path ''
17:49:44.856 [main] INFO  org.springframework.boot.StartupInfoLogger.logStarted(StartupInfoLogger.java:61) -Started Main in 2.207 seconds (JVM running for 2.726)
17:49:48.981 [http-nio-8088-exec-1] INFO  org.apache.juli.logging.DirectJDKLog.log(DirectJDKLog.java:173) -Initializing Spring DispatcherServlet 'dispatcherServlet'
17:49:48.981 [http-nio-8088-exec-1] INFO  org.springframework.web.servlet.FrameworkServlet.initServletBean(FrameworkServlet.java:525) -Initializing Servlet 'dispatcherServlet'
17:49:48.981 [http-nio-8088-exec-1] INFO  org.springframework.web.servlet.FrameworkServlet.initServletBean(FrameworkServlet.java:547) -Completed initialization in 0 ms
17:49:49.060 [http-nio-8088-exec-1] INFO  org.gift.Servlet.Customer.LoginInterface.login(LoginInterface.java:42) -clientType = UNKNOWN
17:49:49.060 [http-nio-8088-exec-1] INFO  org.gift.Servlet.Customer.LoginInterface.login(LoginInterface.java:44) -os = Unknown
17:49:49.060 [http-nio-8088-exec-1] INFO  org.gift.Servlet.Customer.LoginInterface.login(LoginInterface.java:46) -browser = BOT
17:49:49.060 [http-nio-8088-exec-1] INFO  org.gift.Servlet.Customer.LoginInterface.login(LoginInterface.java:50) -127.0.0.1 调用/customer/login接口，RequestBody:{username=gift, password=qf123456}
17:49:49.075 [http-nio-8088-exec-1] INFO  com.zaxxer.hikari.HikariDataSource.getConnection(HikariDataSource.java:110) -HikariPool-1 - Starting...
17:49:49.075 [http-nio-8088-exec-1] WARN  com.zaxxer.hikari.util.DriverDataSource.<init>(DriverDataSource.java:70) -Registered driver with driverClassName=com.mysql.jdbc.Driver was not found, trying direct instantiation.
17:49:49.332 [http-nio-8088-exec-1] INFO  com.zaxxer.hikari.HikariDataSource.getConnection(HikariDataSource.java:123) -HikariPool-1 - Start completed.
17:49:49.454 [http-nio-8088-exec-1] INFO  org.gift.Servlet.Customer.LoginInterface.login(LoginInterface.java:77) -登录成功了
17:49:56.763 [http-nio-8088-exec-2] INFO  org.gift.Servlet.Customer.LoginInterface.login(LoginInterface.java:42) -clientType = UNKNOWN
17:49:56.763 [http-nio-8088-exec-2] INFO  org.gift.Servlet.Customer.LoginInterface.login(LoginInterface.java:44) -os = Unknown
17:49:56.763 [http-nio-8088-exec-2] INFO  org.gift.Servlet.Customer.LoginInterface.login(LoginInterface.java:46) -browser = BOT
17:49:56.763 [http-nio-8088-exec-2] INFO  org.gift.Servlet.Customer.LoginInterface.login(LoginInterface.java:50) -127.0.0.1 调用/customer/login接口，RequestBody:{username=gift, password=qf123456}
17:49:56.830 [http-nio-8088-exec-2] INFO  org.gift.Servlet.Customer.LoginInterface.login(LoginInterface.java:77) -登录成功了
