16:15:43.436 [SpringApplicationShutdownHook] INFO  com.zaxxer.hikari.HikariDataSource.close(HikariDataSource.java:350) -HikariPool-1 - Shutdown initiated...
16:15:43.451 [SpringApplicationShutdownHook] INFO  com.zaxxer.hikari.HikariDataSource.close(HikariDataSource.java:352) -HikariPool-1 - Shutdown completed.
16:15:48.306 [main] INFO  org.springframework.boot.StartupInfoLogger.logStarting(StartupInfoLogger.java:55) -Starting Main using Java 17 on MS-FKJHQAVSLGRF with PID 18712 (D:\javaobjects\MyBlog\target\classes started by Administrator in D:\javaobjects\MyBlog)
16:15:48.314 [main] INFO  org.springframework.boot.SpringApplication.logStartupProfileInfo(SpringApplication.java:634) -No active profile set, falling back to 1 default profile: "default"
16:15:48.948 [main] INFO  org.springframework.data.repository.config.RepositoryConfigurationDelegate.multipleStoresDetected(RepositoryConfigurationDelegate.java:262) -Multiple Spring Data modules found, entering strict repository configuration mode
16:15:48.950 [main] INFO  org.springframework.data.repository.config.RepositoryConfigurationDelegate.registerRepositoriesIn(RepositoryConfigurationDelegate.java:132) -Bootstrapping Spring Data Redis repositories in DEFAULT mode.
16:15:48.970 [main] INFO  org.springframework.data.repository.config.RepositoryConfigurationDelegate.registerRepositoriesIn(RepositoryConfigurationDelegate.java:201) -Finished Spring Data repository scanning in 8 ms. Found 0 Redis repository interfaces.
16:15:49.514 [main] INFO  org.springframework.boot.web.embedded.tomcat.TomcatWebServer.initialize(TomcatWebServer.java:108) -Tomcat initialized with port(s): 8088 (http)
16:15:49.522 [main] INFO  org.apache.juli.logging.DirectJDKLog.log(DirectJDKLog.java:173) -Initializing ProtocolHandler ["http-nio-8088"]
16:15:49.523 [main] INFO  org.apache.juli.logging.DirectJDKLog.log(DirectJDKLog.java:173) -Starting service [Tomcat]
16:15:49.523 [main] INFO  org.apache.juli.logging.DirectJDKLog.log(DirectJDKLog.java:173) -Starting Servlet engine: [Apache Tomcat/9.0.65]
16:15:49.598 [main] INFO  org.apache.juli.logging.DirectJDKLog.log(DirectJDKLog.java:173) -Initializing Spring embedded WebApplicationContext
16:15:49.599 [main] INFO  org.springframework.boot.web.servlet.context.ServletWebServerApplicationContext.prepareWebApplicationContext(ServletWebServerApplicationContext.java:292) -Root WebApplicationContext: initialization completed in 1240 ms
16:15:50.488 [main] INFO  org.apache.juli.logging.DirectJDKLog.log(DirectJDKLog.java:173) -Starting ProtocolHandler ["http-nio-8088"]
16:15:50.506 [main] INFO  org.springframework.boot.web.embedded.tomcat.TomcatWebServer.start(TomcatWebServer.java:220) -Tomcat started on port(s): 8088 (http) with context path ''
16:15:50.514 [main] INFO  org.springframework.boot.StartupInfoLogger.logStarted(StartupInfoLogger.java:61) -Started Main in 2.59 seconds (JVM running for 3.109)
16:15:54.308 [http-nio-8088-exec-1] INFO  org.apache.juli.logging.DirectJDKLog.log(DirectJDKLog.java:173) -Initializing Spring DispatcherServlet 'dispatcherServlet'
16:15:54.308 [http-nio-8088-exec-1] INFO  org.springframework.web.servlet.FrameworkServlet.initServletBean(FrameworkServlet.java:525) -Initializing Servlet 'dispatcherServlet'
16:15:54.309 [http-nio-8088-exec-1] INFO  org.springframework.web.servlet.FrameworkServlet.initServletBean(FrameworkServlet.java:547) -Completed initialization in 1 ms
16:15:54.386 [http-nio-8088-exec-1] INFO  org.gift.Servlet.Customer.LoginInterface.login(LoginInterface.java:55) -clientType = UNKNOWN
16:15:54.386 [http-nio-8088-exec-1] INFO  org.gift.Servlet.Customer.LoginInterface.login(LoginInterface.java:57) -os = Unknown
16:15:54.386 [http-nio-8088-exec-1] INFO  org.gift.Servlet.Customer.LoginInterface.login(LoginInterface.java:59) -browser = BOT
16:15:54.386 [http-nio-8088-exec-1] INFO  org.gift.Servlet.Customer.LoginInterface.login(LoginInterface.java:63) -127.0.0.1 调用/customer/login接口，RequestBody:{username=gift, password=qf123456}
16:15:54.400 [http-nio-8088-exec-1] INFO  com.zaxxer.hikari.HikariDataSource.getConnection(HikariDataSource.java:110) -HikariPool-1 - Starting...
16:15:54.403 [http-nio-8088-exec-1] WARN  com.zaxxer.hikari.util.DriverDataSource.<init>(DriverDataSource.java:70) -Registered driver with driverClassName=com.mysql.jdbc.Driver was not found, trying direct instantiation.
16:15:54.673 [http-nio-8088-exec-1] INFO  com.zaxxer.hikari.HikariDataSource.getConnection(HikariDataSource.java:123) -HikariPool-1 - Start completed.
16:15:55.288 [http-nio-8088-exec-1] INFO  org.gift.Servlet.Customer.LoginInterface.login(LoginInterface.java:91) -登录成功了
16:15:55.650 [http-nio-8088-exec-2] INFO  org.gift.Servlet.Photo.PhotoInterface.submit(PhotoInterface.java:30) -127.0.0.1 调用/photo/submit接口，RequestBody:{photoalbum_id=1, title=第一张相片, commit=第sab个相册的说明,这个相册被修改过了, index=1}
16:15:55.650 [http-nio-8088-exec-2] ERROR org.gift.Servlet.Photo.PhotoInterface.submit(PhotoInterface.java:52) -java.lang.ClassCastException: class java.lang.String cannot be cast to class java.lang.Integer (java.lang.String and java.lang.Integer are in module java.base of loader 'bootstrap')
