20:50:32.980 [main] INFO  org.springframework.boot.StartupInfoLogger.logStarting(StartupInfoLogger.java:55) -Starting Main using Java 17 on MS-FKJHQAVSLGRF with PID 444 (D:\javaobjects\MyBlog\target\classes started by Administrator in D:\javaobjects\MyBlog)
20:50:32.991 [main] INFO  org.springframework.boot.SpringApplication.logStartupProfileInfo(SpringApplication.java:634) -No active profile set, falling back to 1 default profile: "default"
20:50:33.538 [main] INFO  org.springframework.data.repository.config.RepositoryConfigurationDelegate.multipleStoresDetected(RepositoryConfigurationDelegate.java:262) -Multiple Spring Data modules found, entering strict repository configuration mode
20:50:33.540 [main] INFO  org.springframework.data.repository.config.RepositoryConfigurationDelegate.registerRepositoriesIn(RepositoryConfigurationDelegate.java:132) -Bootstrapping Spring Data Redis repositories in DEFAULT mode.
20:50:33.561 [main] INFO  org.springframework.data.repository.config.RepositoryConfigurationDelegate.registerRepositoriesIn(RepositoryConfigurationDelegate.java:201) -Finished Spring Data repository scanning in 8 ms. Found 0 Redis repository interfaces.
20:50:34.116 [main] INFO  org.springframework.boot.web.embedded.tomcat.TomcatWebServer.initialize(TomcatWebServer.java:108) -Tomcat initialized with port(s): 8088 (http)
20:50:34.125 [main] INFO  org.apache.juli.logging.DirectJDKLog.log(DirectJDKLog.java:173) -Initializing ProtocolHandler ["http-nio-8088"]
20:50:34.126 [main] INFO  org.apache.juli.logging.DirectJDKLog.log(DirectJDKLog.java:173) -Starting service [Tomcat]
20:50:34.126 [main] INFO  org.apache.juli.logging.DirectJDKLog.log(DirectJDKLog.java:173) -Starting Servlet engine: [Apache Tomcat/9.0.65]
20:50:34.207 [main] INFO  org.apache.juli.logging.DirectJDKLog.log(DirectJDKLog.java:173) -Initializing Spring embedded WebApplicationContext
20:50:34.207 [main] INFO  org.springframework.boot.web.servlet.context.ServletWebServerApplicationContext.prepareWebApplicationContext(ServletWebServerApplicationContext.java:292) -Root WebApplicationContext: initialization completed in 1177 ms
20:50:34.947 [main] INFO  org.apache.juli.logging.DirectJDKLog.log(DirectJDKLog.java:173) -Starting ProtocolHandler ["http-nio-8088"]
20:50:34.964 [main] INFO  org.springframework.boot.web.embedded.tomcat.TomcatWebServer.start(TomcatWebServer.java:220) -Tomcat started on port(s): 8088 (http) with context path ''
20:50:34.972 [main] INFO  org.springframework.boot.StartupInfoLogger.logStarted(StartupInfoLogger.java:61) -Started Main in 2.371 seconds (JVM running for 2.899)
20:50:40.887 [http-nio-8088-exec-1] INFO  org.apache.juli.logging.DirectJDKLog.log(DirectJDKLog.java:173) -Initializing Spring DispatcherServlet 'dispatcherServlet'
20:50:40.887 [http-nio-8088-exec-1] INFO  org.springframework.web.servlet.FrameworkServlet.initServletBean(FrameworkServlet.java:525) -Initializing Servlet 'dispatcherServlet'
20:50:40.888 [http-nio-8088-exec-1] INFO  org.springframework.web.servlet.FrameworkServlet.initServletBean(FrameworkServlet.java:547) -Completed initialization in 1 ms
20:50:40.898 [http-nio-8088-exec-1] INFO  org.gift.Utiliy.JwtInterceptor.preHandle(JwtInterceptor.java:18) --------------------------------
20:50:40.898 [http-nio-8088-exec-1] INFO  org.gift.Utiliy.JwtInterceptor.preHandle(JwtInterceptor.java:19) -这里是在JwtInterceptor中打印的日志
20:50:40.898 [http-nio-8088-exec-1] INFO  org.gift.Utiliy.JwtInterceptor.preHandle(JwtInterceptor.java:20) -这是request
20:50:40.957 [http-nio-8088-exec-1] INFO  org.gift.Utiliy.JwtInterceptor.preHandle(JwtInterceptor.java:22) -{"requestedSessionIdFromCookie":false,"scheme":"http","contentLengthLong":44,"remoteHost":"127.0.0.1","session":{"lastAccessedTime":1664628640910,"sessionContext":{},"new":true,"maxInactiveInterval":1800,"attributeNames":"java.util.Collections$3@10034f57","creationTime":1664628640910,"valueNames":[],"servletContext":{"initParameterNames":"java.util.Collections$3@9df6727","virtualServerName":"Tomcat/localhost","classLoader":{"hostName":"localhost","contextName":"ROOT","parent":"jdk.internal.loader.ClassLoaders$AppClassLoader@63947c6b","URLs":[],"clearReferencesObjectStreamClassCaches":false,"unnamedModule":"unnamed module @415d4052","skipMemoryLeakChecksOnJvmShutdown":false,"definedPackages":[],"clearReferencesRmiTargets":false,"clearReferencesHttpClientKeepAliveThread":true,"serviceName":"Tomcat","clearReferencesThreadLocals":false,"clearReferencesStopThreads":false,"delegate":true,"clearReferencesLogFactoryRelease":true,"stateName":"STARTED","clearReferencesStopTimerThreads":false,"webappName":"ROOT","registeredAsParallelCapable":true,"state":"STARTED"},"servletNames":"java.util.Collections$3@7167a36a","filterRegistrations":{"requestContextFilter":{"initParameters":{},"name":"requestContextFilter","className":"org.springframework.boot.web.servlet.filter.OrderedRequestContextFilter","servletNameMappings":[],"urlPatternMappings":["/*"]},"characterEncodingFilter":{"initParameters":{},"name":"characterEncodingFilter","className":"org.springframework.boot.web.servlet.filter.OrderedCharacterEncodingFilter","servletNameMappings":[],"urlPatternMappings":["/*"]},"Tomcat WebSocket (JSR356) Filter":{"initParameters":{},"name":"Tomcat WebSocket (JSR356) Filter","className":"org.apache.tomcat.websocket.server.WsFilter","servletNameMappings":[],"urlPatternMappings":["/*"]},"formContentFilter":{"initParameters":{},"name":"formContentFilter","className":"org.springframework.boot.web.servlet.filter.OrderedFormContentFilter","servletNameMappings":[],"urlPatternMappings":["/*"]}},"contextPath":"","defaultSessionTrackingModes":["COOKIE","URL"],"majorVersion":4,"effectiveMinorVersion":0,"sessionCookieConfig":{"maxAge":-1,"httpOnly":false,"secure":false},"effectiveSessionTrackingModes":["COOKIE","URL"],"attributeNames":"java.util.Collections$3@63f90940","serverInfo":"Apache Tomcat/9.0.65","servletRegistrations":{"dispatcherServlet":{"initParameters":{},"mappings":["/"],"name":"dispatcherServlet","className":"org.springframework.web.servlet.DispatcherServlet"}},"servlets":"java.util.Collections$3@4051a209","sessionTimeout":30,"minorVersion":0,"servletContextName":"application","effectiveMajorVersion":3},"id":"1FA9C025A3087980767A1E37EEF32C7F"},"asyncStarted":false,"serverName":"127.0.0.1","parameterNames":"java.util.Collections$3@229d5277","locale":"zh_CN","serverPort":8088,"secure":false,"requestedSessionIdValid":false,"trailerFieldsReady":true,"protocol":"HTTP/1.1","attributeNames":"java.util.Collections$3@2459900b","requestURL":"http://127.0.0.1:8088/blog/submit","allowTrace":false,"asyncSupported":true,"contentType":"application/json","parameterMap":{},"localAddr":"127.0.0.1","requestedSessionIdFromURL":false,"requestedSessionIdFromUrl":false,"remoteAddr":"127.0.0.1","method":"POST","localPort":8088,"trailerFields":{},"servletContext":{"initParameterNames":"java.util.Collections$3@7ed9ffe","virtualServerName":"Tomcat/localhost","classLoader":{"hostName":"localhost","contextName":"ROOT","parent":"jdk.internal.loader.ClassLoaders$AppClassLoader@63947c6b","URLs":[],"clearReferencesObjectStreamClassCaches":false,"unnamedModule":"unnamed module @415d4052","skipMemoryLeakChecksOnJvmShutdown":false,"definedPackages":[],"clearReferencesRmiTargets":false,"clearReferencesHttpClientKeepAliveThread":true,"serviceName":"Tomcat","clearReferencesThreadLocals":false,"clearReferencesStopThreads":false,"delegate":true,"clearReferencesLogFactoryRelease":true,"stateName":"STARTED","clearReferencesStopTimerThreads":false,"webappName":"ROOT","registeredAsParallelCapable":true,"state":"STARTED"},"servletNames":"java.util.Collections$3@da5220b","filterRegistrations":{"requestContextFilter":{"initParameters":{},"name":"requestContextFilter","className":"org.springframework.boot.web.servlet.filter.OrderedRequestContextFilter","servletNameMappings":[],"urlPatternMappings":["/*"]},"characterEncodingFilter":{"initParameters":{},"name":"characterEncodingFilter","className":"org.springframework.boot.web.servlet.filter.OrderedCharacterEncodingFilter","servletNameMappings":[],"urlPatternMappings":["/*"]},"Tomcat WebSocket (JSR356) Filter":{"initParameters":{},"name":"Tomcat WebSocket (JSR356) Filter","className":"org.apache.tomcat.websocket.server.WsFilter","servletNameMappings":[],"urlPatternMappings":["/*"]},"formContentFilter":{"initParameters":{},"name":"formContentFilter","className":"org.springframework.boot.web.servlet.filter.OrderedFormContentFilter","servletNameMappings":[],"urlPatternMappings":["/*"]}},"contextPath":"","defaultSessionTrackingModes":["COOKIE","URL"],"majorVersion":4,"effectiveMinorVersion":0,"sessionCookieConfig":{"maxAge":-1,"httpOnly":false,"secure":false},"effectiveSessionTrackingModes":["COOKIE","URL"],"attributeNames":"java.util.Collections$3@7ab9852b","serverInfo":"Apache Tomcat/9.0.65","servletRegistrations":{"dispatcherServlet":{"initParameters":{},"mappings":["/"],"name":"dispatcherServlet","className":"org.springframework.web.servlet.DispatcherServlet"}},"servlets":"java.util.Collections$3@1cd6cbeb","sessionTimeout":30,"minorVersion":0,"servletContextName":"application","effectiveMajorVersion":3},"headerNames":{},"contextPath":"","remotePort":59769,"inputStream":{"ready":false,"finished":false},"httpServletMapping":{},"requestURI":"/blog/submit","localName":"kubernetes.docker.internal","locales":"java.util.Collections$3@64af8f0","servletPath":"/blog/submit","dispatcherType":"REQUEST","contentLength":44,"characterEncoding":"UTF-8"}
20:50:40.957 [http-nio-8088-exec-1] INFO  org.gift.Utiliy.JwtInterceptor.preHandle(JwtInterceptor.java:23) -这是response
20:50:40.962 [http-nio-8088-exec-1] INFO  org.gift.Utiliy.JwtInterceptor.preHandle(JwtInterceptor.java:25) -{"committed":true,"contentWritten":0,"headerNames":["Set-Cookie","Content-Length","Date","Keep-Alive","Connection"],"finished":false,"outputStream":{"ready":false},"locale":"zh_CN","characterEncoding":"ISO-8859-1","bufferSize":8192,"status":200}
20:50:40.962 [http-nio-8088-exec-1] INFO  org.gift.Utiliy.JwtInterceptor.preHandle(JwtInterceptor.java:26) ---------------------------------
20:50:40.962 [http-nio-8088-exec-1] INFO  org.gift.Utiliy.JwtInterceptor.preHandle(JwtInterceptor.java:35) -获取到token：null
20:50:40.966 [http-nio-8088-exec-1] ERROR org.apache.juli.logging.DirectJDKLog.log(DirectJDKLog.java:175) -Servlet.service() for servlet [dispatcherServlet] in context with path [] threw exception [Request processing failed; nested exception is java.lang.IllegalStateException: getOutputStream() has already been called for this response] with root cause
java.lang.IllegalStateException: getOutputStream() has already been called for this response
	at org.apache.catalina.connector.Response.getWriter(Response.java:584) ~[tomcat-embed-core-9.0.65.jar:9.0.65]
	at org.apache.catalina.connector.ResponseFacade.getWriter(ResponseFacade.java:227) ~[tomcat-embed-core-9.0.65.jar:9.0.65]
	at org.gift.Utiliy.JwtInterceptor.preHandle(JwtInterceptor.java:41) ~[classes/:?]
	at org.springframework.web.servlet.HandlerExecutionChain.applyPreHandle(HandlerExecutionChain.java:148) ~[spring-webmvc-5.3.23.jar:5.3.23]
	at org.springframework.web.servlet.DispatcherServlet.doDispatch(DispatcherServlet.java:1066) ~[spring-webmvc-5.3.23.jar:5.3.23]
	at org.springframework.web.servlet.DispatcherServlet.doService(DispatcherServlet.java:964) ~[spring-webmvc-5.3.23.jar:5.3.23]
	at org.springframework.web.servlet.FrameworkServlet.processRequest(FrameworkServlet.java:1006) ~[spring-webmvc-5.3.23.jar:5.3.23]
	at org.springframework.web.servlet.FrameworkServlet.doPost(FrameworkServlet.java:909) ~[spring-webmvc-5.3.23.jar:5.3.23]
	at javax.servlet.http.HttpServlet.service(HttpServlet.java:681) ~[tomcat-embed-core-9.0.65.jar:4.0.FR]
	at org.springframework.web.servlet.FrameworkServlet.service(FrameworkServlet.java:883) ~[spring-webmvc-5.3.23.jar:5.3.23]
	at javax.servlet.http.HttpServlet.service(HttpServlet.java:764) ~[tomcat-embed-core-9.0.65.jar:4.0.FR]
	at org.apache.catalina.core.ApplicationFilterChain.internalDoFilter(ApplicationFilterChain.java:227) ~[tomcat-embed-core-9.0.65.jar:9.0.65]
	at org.apache.catalina.core.ApplicationFilterChain.doFilter(ApplicationFilterChain.java:162) ~[tomcat-embed-core-9.0.65.jar:9.0.65]
	at org.apache.tomcat.websocket.server.WsFilter.doFilter(WsFilter.java:53) ~[tomcat-embed-websocket-9.0.65.jar:9.0.65]
	at org.apache.catalina.core.ApplicationFilterChain.internalDoFilter(ApplicationFilterChain.java:189) ~[tomcat-embed-core-9.0.65.jar:9.0.65]
	at org.apache.catalina.core.ApplicationFilterChain.doFilter(ApplicationFilterChain.java:162) ~[tomcat-embed-core-9.0.65.jar:9.0.65]
	at org.springframework.web.filter.RequestContextFilter.doFilterInternal(RequestContextFilter.java:100) ~[spring-web-5.3.23.jar:5.3.23]
	at org.springframework.web.filter.OncePerRequestFilter.doFilter(OncePerRequestFilter.java:117) ~[spring-web-5.3.23.jar:5.3.23]
	at org.apache.catalina.core.ApplicationFilterChain.internalDoFilter(ApplicationFilterChain.java:189) ~[tomcat-embed-core-9.0.65.jar:9.0.65]
	at org.apache.catalina.core.ApplicationFilterChain.doFilter(ApplicationFilterChain.java:162) ~[tomcat-embed-core-9.0.65.jar:9.0.65]
	at org.springframework.web.filter.FormContentFilter.doFilterInternal(FormContentFilter.java:93) ~[spring-web-5.3.23.jar:5.3.23]
	at org.springframework.web.filter.OncePerRequestFilter.doFilter(OncePerRequestFilter.java:117) ~[spring-web-5.3.23.jar:5.3.23]
	at org.apache.catalina.core.ApplicationFilterChain.internalDoFilter(ApplicationFilterChain.java:189) ~[tomcat-embed-core-9.0.65.jar:9.0.65]
	at org.apache.catalina.core.ApplicationFilterChain.doFilter(ApplicationFilterChain.java:162) ~[tomcat-embed-core-9.0.65.jar:9.0.65]
	at org.springframework.web.filter.CharacterEncodingFilter.doFilterInternal(CharacterEncodingFilter.java:201) ~[spring-web-5.3.23.jar:5.3.23]
	at org.springframework.web.filter.OncePerRequestFilter.doFilter(OncePerRequestFilter.java:117) ~[spring-web-5.3.23.jar:5.3.23]
	at org.apache.catalina.core.ApplicationFilterChain.internalDoFilter(ApplicationFilterChain.java:189) ~[tomcat-embed-core-9.0.65.jar:9.0.65]
	at org.apache.catalina.core.ApplicationFilterChain.doFilter(ApplicationFilterChain.java:162) ~[tomcat-embed-core-9.0.65.jar:9.0.65]
	at org.apache.catalina.core.StandardWrapperValve.invoke(StandardWrapperValve.java:197) ~[tomcat-embed-core-9.0.65.jar:9.0.65]
	at org.apache.catalina.core.StandardContextValve.invoke(StandardContextValve.java:97) ~[tomcat-embed-core-9.0.65.jar:9.0.65]
	at org.apache.catalina.authenticator.AuthenticatorBase.invoke(AuthenticatorBase.java:541) ~[tomcat-embed-core-9.0.65.jar:9.0.65]
	at org.apache.catalina.core.StandardHostValve.invoke(StandardHostValve.java:135) ~[tomcat-embed-core-9.0.65.jar:9.0.65]
	at org.apache.catalina.valves.ErrorReportValve.invoke(ErrorReportValve.java:92) ~[tomcat-embed-core-9.0.65.jar:9.0.65]
	at org.apache.catalina.core.StandardEngineValve.invoke(StandardEngineValve.java:78) ~[tomcat-embed-core-9.0.65.jar:9.0.65]
	at org.apache.catalina.connector.CoyoteAdapter.service(CoyoteAdapter.java:360) ~[tomcat-embed-core-9.0.65.jar:9.0.65]
	at org.apache.coyote.http11.Http11Processor.service(Http11Processor.java:399) ~[tomcat-embed-core-9.0.65.jar:9.0.65]
	at org.apache.coyote.AbstractProcessorLight.process(AbstractProcessorLight.java:65) ~[tomcat-embed-core-9.0.65.jar:9.0.65]
	at org.apache.coyote.AbstractProtocol$ConnectionHandler.process(AbstractProtocol.java:890) ~[tomcat-embed-core-9.0.65.jar:9.0.65]
	at org.apache.tomcat.util.net.NioEndpoint$SocketProcessor.doRun(NioEndpoint.java:1789) ~[tomcat-embed-core-9.0.65.jar:9.0.65]
	at org.apache.tomcat.util.net.SocketProcessorBase.run(SocketProcessorBase.java:49) ~[tomcat-embed-core-9.0.65.jar:9.0.65]
	at org.apache.tomcat.util.threads.ThreadPoolExecutor.runWorker(ThreadPoolExecutor.java:1191) ~[tomcat-embed-core-9.0.65.jar:9.0.65]
	at org.apache.tomcat.util.threads.ThreadPoolExecutor$Worker.run(ThreadPoolExecutor.java:659) ~[tomcat-embed-core-9.0.65.jar:9.0.65]
	at org.apache.tomcat.util.threads.TaskThread$WrappingRunnable.run(TaskThread.java:61) ~[tomcat-embed-core-9.0.65.jar:9.0.65]
	at java.lang.Thread.run(Thread.java:833) ~[?:?]
20:50:40.980 [http-nio-8088-exec-1] INFO  org.gift.Utiliy.JwtInterceptor.preHandle(JwtInterceptor.java:18) --------------------------------
20:50:40.980 [http-nio-8088-exec-1] INFO  org.gift.Utiliy.JwtInterceptor.preHandle(JwtInterceptor.java:19) -这里是在JwtInterceptor中打印的日志
20:50:40.980 [http-nio-8088-exec-1] INFO  org.gift.Utiliy.JwtInterceptor.preHandle(JwtInterceptor.java:20) -这是request
20:50:40.988 [http-nio-8088-exec-1] INFO  org.gift.Utiliy.JwtInterceptor.preHandle(JwtInterceptor.java:22) -{"request":{"requestedSessionIdFromCookie":false,"scheme":"http","contentLengthLong":44,"remoteHost":"127.0.0.1","session":{"lastAccessedTime":1664628640910,"sessionContext":{},"new":true,"maxInactiveInterval":1800,"attributeNames":"java.util.Collections$3@58f4b7e9","creationTime":1664628640910,"valueNames":[],"servletContext":{"initParameterNames":"java.util.Collections$3@4a3cf2b0","virtualServerName":"Tomcat/localhost","classLoader":{"hostName":"localhost","contextName":"ROOT","parent":"jdk.internal.loader.ClassLoaders$AppClassLoader@63947c6b","URLs":[],"clearReferencesObjectStreamClassCaches":false,"unnamedModule":"unnamed module @415d4052","skipMemoryLeakChecksOnJvmShutdown":false,"definedPackages":[],"clearReferencesRmiTargets":false,"clearReferencesHttpClientKeepAliveThread":true,"serviceName":"Tomcat","clearReferencesThreadLocals":false,"clearReferencesStopThreads":false,"delegate":true,"clearReferencesLogFactoryRelease":true,"stateName":"STARTED","clearReferencesStopTimerThreads":false,"webappName":"ROOT","registeredAsParallelCapable":true,"state":"STARTED"},"servletNames":"java.util.Collections$3@73065a49","filterRegistrations":{"requestContextFilter":{"initParameters":{},"name":"requestContextFilter","className":"org.springframework.boot.web.servlet.filter.OrderedRequestContextFilter","servletNameMappings":[],"urlPatternMappings":["/*"]},"characterEncodingFilter":{"initParameters":{},"name":"characterEncodingFilter","className":"org.springframework.boot.web.servlet.filter.OrderedCharacterEncodingFilter","servletNameMappings":[],"urlPatternMappings":["/*"]},"Tomcat WebSocket (JSR356) Filter":{"initParameters":{},"name":"Tomcat WebSocket (JSR356) Filter","className":"org.apache.tomcat.websocket.server.WsFilter","servletNameMappings":[],"urlPatternMappings":["/*"]},"formContentFilter":{"initParameters":{},"name":"formContentFilter","className":"org.springframework.boot.web.servlet.filter.OrderedFormContentFilter","servletNameMappings":[],"urlPatternMappings":["/*"]}},"contextPath":"","defaultSessionTrackingModes":["COOKIE","URL"],"majorVersion":4,"effectiveMinorVersion":0,"sessionCookieConfig":{"maxAge":-1,"httpOnly":false,"secure":false},"effectiveSessionTrackingModes":["COOKIE","URL"],"attributeNames":"java.util.Collections$3@19553e3f","serverInfo":"Apache Tomcat/9.0.65","servletRegistrations":{"dispatcherServlet":{"initParameters":{},"mappings":["/"],"name":"dispatcherServlet","className":"org.springframework.web.servlet.DispatcherServlet"}},"servlets":"java.util.Collections$3@701f26e9","sessionTimeout":30,"minorVersion":0,"servletContextName":"application","effectiveMajorVersion":3},"id":"1FA9C025A3087980767A1E37EEF32C7F"},"asyncStarted":false,"serverName":"127.0.0.1","parameterNames":"java.util.Collections$3@1d1964c9","locale":"zh_CN","serverPort":8088,"secure":false,"requestedSessionIdValid":false,"trailerFieldsReady":true,"protocol":"HTTP/1.1","attributeNames":"java.util.Collections$3@6d9c51b3","requestURL":"http://127.0.0.1:8088/blog/submit","allowTrace":false,"asyncSupported":true,"contentType":"application/json","parameterMap":{},"localAddr":"127.0.0.1","requestedSessionIdFromURL":false,"requestedSessionIdFromUrl":false,"remoteAddr":"127.0.0.1","method":"POST","localPort":8088,"trailerFields":{},"servletContext":{"initParameterNames":"java.util.Collections$3@20e35207","virtualServerName":"Tomcat/localhost","classLoader":{"hostName":"localhost","contextName":"ROOT","parent":"jdk.internal.loader.ClassLoaders$AppClassLoader@63947c6b","URLs":[],"clearReferencesObjectStreamClassCaches":false,"unnamedModule":"unnamed module @415d4052","skipMemoryLeakChecksOnJvmShutdown":false,"definedPackages":[],"clearReferencesRmiTargets":false,"clearReferencesHttpClientKeepAliveThread":true,"serviceName":"Tomcat","clearReferencesThreadLocals":false,"clearReferencesStopThreads":false,"delegate":true,"clearReferencesLogFactoryRelease":true,"stateName":"STARTED","clearReferencesStopTimerThreads":false,"webappName":"ROOT","registeredAsParallelCapable":true,"state":"STARTED"},"servletNames":"java.util.Collections$3@75d2d2b0","filterRegistrations":{"requestContextFilter":{"initParameters":{},"name":"requestContextFilter","className":"org.springframework.boot.web.servlet.filter.OrderedRequestContextFilter","servletNameMappings":[],"urlPatternMappings":["/*"]},"characterEncodingFilter":{"initParameters":{},"name":"characterEncodingFilter","className":"org.springframework.boot.web.servlet.filter.OrderedCharacterEncodingFilter","servletNameMappings":[],"urlPatternMappings":["/*"]},"Tomcat WebSocket (JSR356) Filter":{"initParameters":{},"name":"Tomcat WebSocket (JSR356) Filter","className":"org.apache.tomcat.websocket.server.WsFilter","servletNameMappings":[],"urlPatternMappings":["/*"]},"formContentFilter":{"initParameters":{},"name":"formContentFilter","className":"org.springframework.boot.web.servlet.filter.OrderedFormContentFilter","servletNameMappings":[],"urlPatternMappings":["/*"]}},"contextPath":"","defaultSessionTrackingModes":["COOKIE","URL"],"majorVersion":4,"effectiveMinorVersion":0,"sessionCookieConfig":{"maxAge":-1,"httpOnly":false,"secure":false},"effectiveSessionTrackingModes":["COOKIE","URL"],"attributeNames":"java.util.Collections$3@5e20cbfb","serverInfo":"Apache Tomcat/9.0.65","servletRegistrations":{"dispatcherServlet":{"initParameters":{},"mappings":["/"],"name":"dispatcherServlet","className":"org.springframework.web.servlet.DispatcherServlet"}},"servlets":"java.util.Collections$3@280ca85d","sessionTimeout":30,"minorVersion":0,"servletContextName":"application","effectiveMajorVersion":3},"headerNames":{},"contextPath":"","remotePort":59769,"inputStream":{"ready":false,"finished":false},"httpServletMapping":{},"requestURI":"/blog/submit","localName":"kubernetes.docker.internal","locales":"java.util.Collections$3@2ea83c98","servletPath":"/blog/submit","dispatcherType":"ERROR","contentLength":44,"characterEncoding":"UTF-8"},"requestedSessionIdFromCookie":false,"scheme":"http","contentLengthLong":44,"remoteHost":"127.0.0.1","asyncStarted":false,"serverName":"127.0.0.1","locale":"zh_CN","serverPort":8088,"secure":false,"trailerFieldsReady":true,"protocol":"HTTP/1.1","asyncSupported":true,"requestedSessionIdFromURL":false,"requestedSessionIdFromUrl":false,"contentType":"application/json","localAddr":"127.0.0.1","remoteAddr":"127.0.0.1","method":"POST","trailerFields":{},"localPort":8088,"headerNames":{},"remotePort":59769,"inputStream":{"ready":false,"finished":false},"localName":"kubernetes.docker.internal","locales":"java.util.Collections$3@4c1582d1","contentLength":44,"characterEncoding":"UTF-8"}
20:50:40.988 [http-nio-8088-exec-1] INFO  org.gift.Utiliy.JwtInterceptor.preHandle(JwtInterceptor.java:23) -这是response
20:50:40.989 [http-nio-8088-exec-1] INFO  org.gift.Utiliy.JwtInterceptor.preHandle(JwtInterceptor.java:25) -{"committed":true,"response":{"committed":true,"contentWritten":0,"headerNames":["Set-Cookie","Content-Length","Date","Keep-Alive","Connection"],"finished":false,"outputStream":{"ready":false},"locale":"zh_CN","characterEncoding":"ISO-8859-1","bufferSize":8192,"status":200},"headerNames":["Set-Cookie","Content-Length","Date","Keep-Alive","Connection"],"outputStream":{"ready":false},"locale":"zh_CN","characterEncoding":"ISO-8859-1","status":200,"bufferSize":8192}
20:50:40.990 [http-nio-8088-exec-1] INFO  org.gift.Utiliy.JwtInterceptor.preHandle(JwtInterceptor.java:26) ---------------------------------
20:50:40.990 [http-nio-8088-exec-1] INFO  org.gift.Utiliy.JwtInterceptor.preHandle(JwtInterceptor.java:35) -获取到token：null
20:50:40.992 [http-nio-8088-exec-1] ERROR org.apache.juli.logging.DirectJDKLog.log(DirectJDKLog.java:175) -Servlet.service() for servlet [dispatcherServlet] threw exception
java.lang.IllegalStateException: getOutputStream() has already been called for this response
	at org.apache.catalina.connector.Response.getWriter(Response.java:584) ~[tomcat-embed-core-9.0.65.jar:9.0.65]
	at org.apache.catalina.connector.ResponseFacade.getWriter(ResponseFacade.java:227) ~[tomcat-embed-core-9.0.65.jar:9.0.65]
	at javax.servlet.ServletResponseWrapper.getWriter(ServletResponseWrapper.java:114) ~[tomcat-embed-core-9.0.65.jar:4.0.FR]
	at org.gift.Utiliy.JwtInterceptor.preHandle(JwtInterceptor.java:41) ~[classes/:?]
	at org.springframework.web.servlet.HandlerExecutionChain.applyPreHandle(HandlerExecutionChain.java:148) ~[spring-webmvc-5.3.23.jar:5.3.23]
	at org.springframework.web.servlet.DispatcherServlet.doDispatch(DispatcherServlet.java:1066) ~[spring-webmvc-5.3.23.jar:5.3.23]
	at org.springframework.web.servlet.DispatcherServlet.doService(DispatcherServlet.java:964) ~[spring-webmvc-5.3.23.jar:5.3.23]
	at org.springframework.web.servlet.FrameworkServlet.processRequest(FrameworkServlet.java:1006) ~[spring-webmvc-5.3.23.jar:5.3.23]
	at org.springframework.web.servlet.FrameworkServlet.doPost(FrameworkServlet.java:909) ~[spring-webmvc-5.3.23.jar:5.3.23]
	at javax.servlet.http.HttpServlet.service(HttpServlet.java:681) ~[tomcat-embed-core-9.0.65.jar:4.0.FR]
	at org.springframework.web.servlet.FrameworkServlet.service(FrameworkServlet.java:883) ~[spring-webmvc-5.3.23.jar:5.3.23]
	at javax.servlet.http.HttpServlet.service(HttpServlet.java:764) ~[tomcat-embed-core-9.0.65.jar:4.0.FR]
	at org.apache.catalina.core.ApplicationFilterChain.internalDoFilter(ApplicationFilterChain.java:227) ~[tomcat-embed-core-9.0.65.jar:9.0.65]
	at org.apache.catalina.core.ApplicationFilterChain.doFilter(ApplicationFilterChain.java:162) ~[tomcat-embed-core-9.0.65.jar:9.0.65]
	at org.springframework.web.filter.RequestContextFilter.doFilterInternal(RequestContextFilter.java:100) ~[spring-web-5.3.23.jar:5.3.23]
	at org.springframework.web.filter.OncePerRequestFilter.doFilter(OncePerRequestFilter.java:117) ~[spring-web-5.3.23.jar:5.3.23]
	at org.apache.catalina.core.ApplicationFilterChain.internalDoFilter(ApplicationFilterChain.java:189) ~[tomcat-embed-core-9.0.65.jar:9.0.65]
	at org.apache.catalina.core.ApplicationFilterChain.doFilter(ApplicationFilterChain.java:162) ~[tomcat-embed-core-9.0.65.jar:9.0.65]
	at org.springframework.web.filter.OncePerRequestFilter.doFilter(OncePerRequestFilter.java:102) ~[spring-web-5.3.23.jar:5.3.23]
	at org.apache.catalina.core.ApplicationFilterChain.internalDoFilter(ApplicationFilterChain.java:189) ~[tomcat-embed-core-9.0.65.jar:9.0.65]
	at org.apache.catalina.core.ApplicationFilterChain.doFilter(ApplicationFilterChain.java:162) ~[tomcat-embed-core-9.0.65.jar:9.0.65]
	at org.springframework.web.filter.OncePerRequestFilter.doFilter(OncePerRequestFilter.java:102) ~[spring-web-5.3.23.jar:5.3.23]
	at org.apache.catalina.core.ApplicationFilterChain.internalDoFilter(ApplicationFilterChain.java:189) ~[tomcat-embed-core-9.0.65.jar:9.0.65]
	at org.apache.catalina.core.ApplicationFilterChain.doFilter(ApplicationFilterChain.java:162) ~[tomcat-embed-core-9.0.65.jar:9.0.65]
	at org.apache.catalina.core.ApplicationDispatcher.invoke(ApplicationDispatcher.java:711) ~[tomcat-embed-core-9.0.65.jar:9.0.65]
	at org.apache.catalina.core.ApplicationDispatcher.doInclude(ApplicationDispatcher.java:578) ~[tomcat-embed-core-9.0.65.jar:9.0.65]
	at org.apache.catalina.core.ApplicationDispatcher.include(ApplicationDispatcher.java:517) ~[tomcat-embed-core-9.0.65.jar:9.0.65]
	at org.apache.catalina.core.StandardHostValve.custom(StandardHostValve.java:384) ~[tomcat-embed-core-9.0.65.jar:9.0.65]
	at org.apache.catalina.core.StandardHostValve.status(StandardHostValve.java:249) ~[tomcat-embed-core-9.0.65.jar:9.0.65]
	at org.apache.catalina.core.StandardHostValve.throwable(StandardHostValve.java:344) ~[tomcat-embed-core-9.0.65.jar:9.0.65]
	at org.apache.catalina.core.StandardHostValve.invoke(StandardHostValve.java:169) ~[tomcat-embed-core-9.0.65.jar:9.0.65]
	at org.apache.catalina.valves.ErrorReportValve.invoke(ErrorReportValve.java:92) ~[tomcat-embed-core-9.0.65.jar:9.0.65]
	at org.apache.catalina.core.StandardEngineValve.invoke(StandardEngineValve.java:78) ~[tomcat-embed-core-9.0.65.jar:9.0.65]
	at org.apache.catalina.connector.CoyoteAdapter.service(CoyoteAdapter.java:360) ~[tomcat-embed-core-9.0.65.jar:9.0.65]
	at org.apache.coyote.http11.Http11Processor.service(Http11Processor.java:399) ~[tomcat-embed-core-9.0.65.jar:9.0.65]
	at org.apache.coyote.AbstractProcessorLight.process(AbstractProcessorLight.java:65) ~[tomcat-embed-core-9.0.65.jar:9.0.65]
	at org.apache.coyote.AbstractProtocol$ConnectionHandler.process(AbstractProtocol.java:890) ~[tomcat-embed-core-9.0.65.jar:9.0.65]
	at org.apache.tomcat.util.net.NioEndpoint$SocketProcessor.doRun(NioEndpoint.java:1789) ~[tomcat-embed-core-9.0.65.jar:9.0.65]
	at org.apache.tomcat.util.net.SocketProcessorBase.run(SocketProcessorBase.java:49) ~[tomcat-embed-core-9.0.65.jar:9.0.65]
	at org.apache.tomcat.util.threads.ThreadPoolExecutor.runWorker(ThreadPoolExecutor.java:1191) ~[tomcat-embed-core-9.0.65.jar:9.0.65]
	at org.apache.tomcat.util.threads.ThreadPoolExecutor$Worker.run(ThreadPoolExecutor.java:659) ~[tomcat-embed-core-9.0.65.jar:9.0.65]
	at org.apache.tomcat.util.threads.TaskThread$WrappingRunnable.run(TaskThread.java:61) ~[tomcat-embed-core-9.0.65.jar:9.0.65]
	at java.lang.Thread.run(Thread.java:833) ~[?:?]
20:50:40.993 [http-nio-8088-exec-1] ERROR org.apache.juli.logging.DirectJDKLog.log(DirectJDKLog.java:175) -Exception Processing ErrorPage[errorCode=0, location=/error]
org.springframework.web.util.NestedServletException: Request processing failed; nested exception is java.lang.IllegalStateException: getOutputStream() has already been called for this response
	at org.springframework.web.servlet.FrameworkServlet.processRequest(FrameworkServlet.java:1014) ~[spring-webmvc-5.3.23.jar:5.3.23]
	at org.springframework.web.servlet.FrameworkServlet.doPost(FrameworkServlet.java:909) ~[spring-webmvc-5.3.23.jar:5.3.23]
	at javax.servlet.http.HttpServlet.service(HttpServlet.java:681) ~[tomcat-embed-core-9.0.65.jar:4.0.FR]
	at org.springframework.web.servlet.FrameworkServlet.service(FrameworkServlet.java:883) ~[spring-webmvc-5.3.23.jar:5.3.23]
	at javax.servlet.http.HttpServlet.service(HttpServlet.java:764) ~[tomcat-embed-core-9.0.65.jar:4.0.FR]
	at org.apache.catalina.core.ApplicationFilterChain.internalDoFilter(ApplicationFilterChain.java:227) ~[tomcat-embed-core-9.0.65.jar:9.0.65]
	at org.apache.catalina.core.ApplicationFilterChain.doFilter(ApplicationFilterChain.java:162) ~[tomcat-embed-core-9.0.65.jar:9.0.65]
	at org.springframework.web.filter.RequestContextFilter.doFilterInternal(RequestContextFilter.java:100) ~[spring-web-5.3.23.jar:5.3.23]
	at org.springframework.web.filter.OncePerRequestFilter.doFilter(OncePerRequestFilter.java:117) ~[spring-web-5.3.23.jar:5.3.23]
	at org.apache.catalina.core.ApplicationFilterChain.internalDoFilter(ApplicationFilterChain.java:189) ~[tomcat-embed-core-9.0.65.jar:9.0.65]
	at org.apache.catalina.core.ApplicationFilterChain.doFilter(ApplicationFilterChain.java:162) ~[tomcat-embed-core-9.0.65.jar:9.0.65]
	at org.springframework.web.filter.OncePerRequestFilter.doFilter(OncePerRequestFilter.java:102) ~[spring-web-5.3.23.jar:5.3.23]
	at org.apache.catalina.core.ApplicationFilterChain.internalDoFilter(ApplicationFilterChain.java:189) ~[tomcat-embed-core-9.0.65.jar:9.0.65]
	at org.apache.catalina.core.ApplicationFilterChain.doFilter(ApplicationFilterChain.java:162) ~[tomcat-embed-core-9.0.65.jar:9.0.65]
	at org.springframework.web.filter.OncePerRequestFilter.doFilter(OncePerRequestFilter.java:102) ~[spring-web-5.3.23.jar:5.3.23]
	at org.apache.catalina.core.ApplicationFilterChain.internalDoFilter(ApplicationFilterChain.java:189) ~[tomcat-embed-core-9.0.65.jar:9.0.65]
	at org.apache.catalina.core.ApplicationFilterChain.doFilter(ApplicationFilterChain.java:162) ~[tomcat-embed-core-9.0.65.jar:9.0.65]
	at org.apache.catalina.core.ApplicationDispatcher.invoke(ApplicationDispatcher.java:711) ~[tomcat-embed-core-9.0.65.jar:9.0.65]
	at org.apache.catalina.core.ApplicationDispatcher.doInclude(ApplicationDispatcher.java:578) ~[tomcat-embed-core-9.0.65.jar:9.0.65]
	at org.apache.catalina.core.ApplicationDispatcher.include(ApplicationDispatcher.java:517) ~[tomcat-embed-core-9.0.65.jar:9.0.65]
	at org.apache.catalina.core.StandardHostValve.custom(StandardHostValve.java:384) ~[tomcat-embed-core-9.0.65.jar:9.0.65]
	at org.apache.catalina.core.StandardHostValve.status(StandardHostValve.java:249) ~[tomcat-embed-core-9.0.65.jar:9.0.65]
	at org.apache.catalina.core.StandardHostValve.throwable(StandardHostValve.java:344) ~[tomcat-embed-core-9.0.65.jar:9.0.65]
	at org.apache.catalina.core.StandardHostValve.invoke(StandardHostValve.java:169) ~[tomcat-embed-core-9.0.65.jar:9.0.65]
	at org.apache.catalina.valves.ErrorReportValve.invoke(ErrorReportValve.java:92) ~[tomcat-embed-core-9.0.65.jar:9.0.65]
	at org.apache.catalina.core.StandardEngineValve.invoke(StandardEngineValve.java:78) ~[tomcat-embed-core-9.0.65.jar:9.0.65]
	at org.apache.catalina.connector.CoyoteAdapter.service(CoyoteAdapter.java:360) ~[tomcat-embed-core-9.0.65.jar:9.0.65]
	at org.apache.coyote.http11.Http11Processor.service(Http11Processor.java:399) ~[tomcat-embed-core-9.0.65.jar:9.0.65]
	at org.apache.coyote.AbstractProcessorLight.process(AbstractProcessorLight.java:65) ~[tomcat-embed-core-9.0.65.jar:9.0.65]
	at org.apache.coyote.AbstractProtocol$ConnectionHandler.process(AbstractProtocol.java:890) ~[tomcat-embed-core-9.0.65.jar:9.0.65]
	at org.apache.tomcat.util.net.NioEndpoint$SocketProcessor.doRun(NioEndpoint.java:1789) ~[tomcat-embed-core-9.0.65.jar:9.0.65]
	at org.apache.tomcat.util.net.SocketProcessorBase.run(SocketProcessorBase.java:49) ~[tomcat-embed-core-9.0.65.jar:9.0.65]
	at org.apache.tomcat.util.threads.ThreadPoolExecutor.runWorker(ThreadPoolExecutor.java:1191) ~[tomcat-embed-core-9.0.65.jar:9.0.65]
	at org.apache.tomcat.util.threads.ThreadPoolExecutor$Worker.run(ThreadPoolExecutor.java:659) ~[tomcat-embed-core-9.0.65.jar:9.0.65]
	at org.apache.tomcat.util.threads.TaskThread$WrappingRunnable.run(TaskThread.java:61) ~[tomcat-embed-core-9.0.65.jar:9.0.65]
	at java.lang.Thread.run(Thread.java:833) ~[?:?]
Caused by: java.lang.IllegalStateException: getOutputStream() has already been called for this response
	at org.apache.catalina.connector.Response.getWriter(Response.java:584) ~[tomcat-embed-core-9.0.65.jar:9.0.65]
	at org.apache.catalina.connector.ResponseFacade.getWriter(ResponseFacade.java:227) ~[tomcat-embed-core-9.0.65.jar:9.0.65]
	at javax.servlet.ServletResponseWrapper.getWriter(ServletResponseWrapper.java:114) ~[tomcat-embed-core-9.0.65.jar:4.0.FR]
	at org.gift.Utiliy.JwtInterceptor.preHandle(JwtInterceptor.java:41) ~[classes/:?]
	at org.springframework.web.servlet.HandlerExecutionChain.applyPreHandle(HandlerExecutionChain.java:148) ~[spring-webmvc-5.3.23.jar:5.3.23]
	at org.springframework.web.servlet.DispatcherServlet.doDispatch(DispatcherServlet.java:1066) ~[spring-webmvc-5.3.23.jar:5.3.23]
	at org.springframework.web.servlet.DispatcherServlet.doService(DispatcherServlet.java:964) ~[spring-webmvc-5.3.23.jar:5.3.23]
	at org.springframework.web.servlet.FrameworkServlet.processRequest(FrameworkServlet.java:1006) ~[spring-webmvc-5.3.23.jar:5.3.23]
	... 35 more
