19:46:00.000 [main] INFO  org.springframework.data.repository.config.RepositoryConfigurationDelegate.registerRepositoriesIn(RepositoryConfigurationDelegate.java:201) -Finished Spring Data repository scanning in 8 ms. Found 0 Redis repository interfaces.
19:46:00.570 [main] INFO  org.springframework.boot.web.embedded.tomcat.TomcatWebServer.initialize(TomcatWebServer.java:108) -Tomcat initialized with port(s): 8088 (http)
19:46:00.579 [main] INFO  org.apache.juli.logging.DirectJDKLog.log(DirectJDKLog.java:173) -Initializing ProtocolHandler ["http-nio-8088"]
19:46:00.580 [main] INFO  org.apache.juli.logging.DirectJDKLog.log(DirectJDKLog.java:173) -Starting service [Tomcat]
19:46:00.580 [main] INFO  org.apache.juli.logging.DirectJDKLog.log(DirectJDKLog.java:173) -Starting Servlet engine: [Apache Tomcat/9.0.65]
19:46:00.660 [main] INFO  org.apache.juli.logging.DirectJDKLog.log(DirectJDKLog.java:173) -Initializing Spring embedded WebApplicationContext
19:46:00.660 [main] INFO  org.springframework.boot.web.servlet.context.ServletWebServerApplicationContext.prepareWebApplicationContext(ServletWebServerApplicationContext.java:292) -Root WebApplicationContext: initialization completed in 1183 ms
19:46:01.480 [main] INFO  org.apache.juli.logging.DirectJDKLog.log(DirectJDKLog.java:173) -Starting ProtocolHandler ["http-nio-8088"]
19:46:01.502 [main] INFO  org.springframework.boot.web.embedded.tomcat.TomcatWebServer.start(TomcatWebServer.java:220) -Tomcat started on port(s): 8088 (http) with context path ''
19:46:01.510 [main] INFO  org.springframework.boot.StartupInfoLogger.logStarted(StartupInfoLogger.java:61) -Started Main in 2.446 seconds (JVM running for 2.954)
19:46:05.617 [http-nio-8088-exec-1] INFO  org.apache.juli.logging.DirectJDKLog.log(DirectJDKLog.java:173) -Initializing Spring DispatcherServlet 'dispatcherServlet'
19:46:05.621 [http-nio-8088-exec-1] INFO  org.springframework.web.servlet.FrameworkServlet.initServletBean(FrameworkServlet.java:525) -Initializing Servlet 'dispatcherServlet'
19:46:05.622 [http-nio-8088-exec-1] INFO  org.springframework.web.servlet.FrameworkServlet.initServletBean(FrameworkServlet.java:547) -Completed initialization in 1 ms
19:46:05.692 [http-nio-8088-exec-1] INFO  org.gift.Servlet.Customer.LoginInterface.login(LoginInterface.java:55) -clientType = UNKNOWN
19:46:05.692 [http-nio-8088-exec-1] INFO  org.gift.Servlet.Customer.LoginInterface.login(LoginInterface.java:57) -os = Unknown
19:46:05.692 [http-nio-8088-exec-1] INFO  org.gift.Servlet.Customer.LoginInterface.login(LoginInterface.java:59) -browser = BOT
19:46:05.692 [http-nio-8088-exec-1] INFO  org.gift.Servlet.Customer.LoginInterface.login(LoginInterface.java:63) -127.0.0.1 调用/customer/login接口，RequestBody:{username=gift, password=qf123456}
19:46:05.705 [http-nio-8088-exec-1] INFO  com.zaxxer.hikari.HikariDataSource.getConnection(HikariDataSource.java:110) -HikariPool-1 - Starting...
19:46:05.708 [http-nio-8088-exec-1] WARN  com.zaxxer.hikari.util.DriverDataSource.<init>(DriverDataSource.java:70) -Registered driver with driverClassName=com.mysql.jdbc.Driver was not found, trying direct instantiation.
19:46:05.980 [http-nio-8088-exec-1] INFO  com.zaxxer.hikari.HikariDataSource.getConnection(HikariDataSource.java:123) -HikariPool-1 - Start completed.
19:46:06.537 [http-nio-8088-exec-1] INFO  org.gift.Servlet.Customer.LoginInterface.login(LoginInterface.java:91) -登录成功了
19:46:06.620 [http-nio-8088-exec-2] INFO  org.gift.Servlet.Photo.PhotoInterface.delete(PhotoInterface.java:79) -127.0.0.1 调用/photo/delete接口，RequestBody:{id=1}
19:46:06.629 [http-nio-8088-exec-2] ERROR org.gift.Servlet.Photo.PhotoInterface.delete(PhotoInterface.java:92) -java.lang.NullPointerException: Cannot invoke "org.gift.PersistantObject.entity.Photo.getPhotoAlbum_id()" because "photo" is null
19:46:47.364 [http-nio-8088-exec-7] INFO  org.gift.Servlet.Customer.LoginInterface.login(LoginInterface.java:55) -clientType = UNKNOWN
19:46:47.364 [http-nio-8088-exec-7] INFO  org.gift.Servlet.Customer.LoginInterface.login(LoginInterface.java:57) -os = Unknown
19:46:47.364 [http-nio-8088-exec-7] INFO  org.gift.Servlet.Customer.LoginInterface.login(LoginInterface.java:59) -browser = BOT
19:46:47.364 [http-nio-8088-exec-7] INFO  org.gift.Servlet.Customer.LoginInterface.login(LoginInterface.java:63) -127.0.0.1 调用/customer/login接口，RequestBody:{username=gift, password=qf123456}
19:46:47.503 [http-nio-8088-exec-7] INFO  org.gift.Servlet.Customer.LoginInterface.login(LoginInterface.java:91) -登录成功了
19:46:47.696 [http-nio-8088-exec-6] INFO  org.gift.Servlet.Photo.PhotoInterface.delete(PhotoInterface.java:79) -127.0.0.1 调用/photo/delete接口，RequestBody:{id=2}
19:46:47.703 [http-nio-8088-exec-6] ERROR org.gift.Servlet.Photo.PhotoInterface.delete(PhotoInterface.java:92) -java.lang.ClassCastException: class java.lang.Integer cannot be cast to class org.gift.PersistantObject.entity.Photo (java.lang.Integer is in module java.base of loader 'bootstrap'; org.gift.PersistantObject.entity.Photo is in unnamed module of loader 'app')
